Log file open, 08/25/17 21:46:12
LogInit:Display: Running engine for game: dontbeasheep
LogPlatformFile: Not using cached read wrapper
LogInit:Display: RandInit(-1809632342) SRandInit(-1809632342).
LogTaskGraph: Started task graph with 5 named threads and 6 total threads with 1 sets of task threads.
LogStats: Stats thread started at 0.064810
LogInit: Using libcurl 7.47.1
LogInit:  - built for x86_64-pc-win32
LogInit:  - supports SSL with OpenSSL/1.0.2g
LogInit:  - supports HTTP deflate (compression) using libz 1.2.8
LogInit:  - other features:
LogInit:      CURL_VERSION_SSL
LogInit:      CURL_VERSION_LIBZ
LogInit:      CURL_VERSION_IPV6
LogInit:      CURL_VERSION_ASYNCHDNS
LogInit:      CURL_VERSION_LARGEFILE
LogInit:      CURL_VERSION_IDN
LogInit:  CurlRequestOptions (configurable via config and command line):
LogInit:  - bVerifyPeer = false  - Libcurl will NOT verify peer certificate
LogInit:  - bUseHttpProxy = false  - Libcurl will NOT use HTTP proxy
LogInit:  - bDontReuseConnections = false  - Libcurl will reuse connections
LogInit:  - CertBundlePath = nullptr  - Libcurl will use whatever was configured at build time.
LogInit: Build: ++UE4+Release-4.15-CL-3450819
LogInit: Engine Version: 4.15.3-3450819+++UE4+Release-4.15
LogInit: Compatible Engine Version: 4.15.0-3299760+++UE4+Release-4.15
LogInit: Net CL: 3299760
LogDevObjectVersion: Number of dev versions registered: 14
LogDevObjectVersion:   Dev-Blueprints (B0D832E4-1F89-4F0D-ACCF-7EB736FD4AA2): 8
LogDevObjectVersion:   Dev-Build (E1C64328-A22C-4D53-A36C-8E866417BD8C): 0
LogDevObjectVersion:   Dev-Core (375EC13C-06E4-48FB-B500-84F0262A717E): 2
LogDevObjectVersion:   Dev-Editor (E4B068ED-F494-42E9-A231-DA0B2E46BB41): 14
LogDevObjectVersion:   Dev-Framework (CFFC743F-43B0-4480-9391-14DF171D2073): 22
LogDevObjectVersion:   Dev-Mobile (B02B49B5-BB20-44E9-A304-32B752E40360): 0
LogDevObjectVersion:   Dev-Networking (A4E4105C-59A1-49B5-A7C5-40C4547EDFEE): 0
LogDevObjectVersion:   Dev-Online (39C831C9-5AE6-47DC-9A44-9C173E1C8E7C): 0
LogDevObjectVersion:   Dev-Physics (78F01B33-EBEA-4F98-B9B4-84EACCB95AA2): 0
LogDevObjectVersion:   Dev-Platform (6631380F-2D4D-43E0-8009-CF276956A95A): 0
LogDevObjectVersion:   Dev-Rendering (12F88B9F-8875-4AFC-A67C-D90C383ABD29): 12
LogDevObjectVersion:   Dev-Sequencer (7B5AE74C-D270-4C10-A958-57980B212A5A): 3
LogDevObjectVersion:   Dev-VR (D7296918-1DD6-4BDD-9DE2-64A83CC13884): 0
LogDevObjectVersion:   Dev-LoadTimes (C2A15278-BFE7-4AFE-6C17-90FF531DF755): 1
LogInit: Compiled (64-bit): May 21 2017 11:02:34
LogInit: Compiled with Visual C++: 19.00.23026.00
LogInit: Build Configuration: Development
LogInit: Branch Name: ++UE4+Release-4.15
LogInit: Command line: -EpicPortal 
LogInit: Base directory: C:/Program Files/Epic Games/UE_4.15/Engine/Binaries/Win64/
LogInit: Installed Engine Build: 1
LogInit: Presizing for max 8388607 objects, including 0 objects not considered by GC, pre-allocating 0 bytes for permanent pool.
LogInit: Object subsystem initialized
[2017.08.26-04.46.13:163][  0]LogInit: Selected Device Profile: [Windows]
[2017.08.26-04.46.13:163][  0]LogInit: Applying CVar settings loaded from the selected device profile: [Windows]
[2017.08.26-04.46.13:201][  0]LogInit: Computer: CHRIS_JUSTO
[2017.08.26-04.46.13:201][  0]LogInit: User: Chris
[2017.08.26-04.46.13:201][  0]LogInit: CPU Page size=65536, Cores=2
[2017.08.26-04.46.13:201][  0]LogInit: High frequency timer resolution =2.533200 MHz
[2017.08.26-04.46.13:201][  0]LogMemory: Memory total: Physical=7.9GB (8GB approx)
[2017.08.26-04.46.13:201][  0]LogMemory: Platform Memory Stats for Windows
[2017.08.26-04.46.13:201][  0]LogMemory: Process Physical Memory: 262.89 MB used, 262.89 MB peak
[2017.08.26-04.46.13:201][  0]LogMemory: Process Virtual Memory: 262.27 MB used, 262.27 MB peak
[2017.08.26-04.46.13:201][  0]LogMemory: Physical Memory: 4941.66 MB used,  3133.29 MB free, 8074.95 MB total
[2017.08.26-04.46.13:201][  0]LogMemory: Virtual Memory: 643.39 MB used,  3133.29 MB free, 134217728.00 MB total
[2017.08.26-04.46.13:652][  0]LogTextLocalizationManager: No specific translations for ('en-US') exist, so ('en') translations will be used.
[2017.08.26-04.46.25:447][  0]LogD3D11RHI: D3D11 adapters:
[2017.08.26-04.46.25:480][  0]LogD3D11RHI:    0. 'NVIDIA GeForce 840M' (Feature Level 11_0)
[2017.08.26-04.46.25:480][  0]LogD3D11RHI:       2019/0/4037 MB DedicatedVideo/DedicatedSystem/SharedSystem, Outputs:1, VendorId:0x10de
[2017.08.26-04.46.25:487][  0]LogD3D11RHI:    1. 'Intel(R) HD Graphics Family' (Feature Level 11_0)
[2017.08.26-04.46.25:487][  0]LogD3D11RHI:       112/0/2048 MB DedicatedVideo/DedicatedSystem/SharedSystem, Outputs:0, VendorId:0x8086
[2017.08.26-04.46.25:489][  0]LogD3D11RHI:    2. 'Microsoft Basic Render Driver' (Feature Level 11_0)
[2017.08.26-04.46.25:489][  0]LogD3D11RHI:       0/0/4037 MB DedicatedVideo/DedicatedSystem/SharedSystem, Outputs:0, VendorId:0x1414
[2017.08.26-04.46.25:489][  0]LogD3D11RHI: Chosen D3D11 Adapter: 0
[2017.08.26-04.46.25:495][  0]LogD3D11RHI: Creating new Direct3DDevice
[2017.08.26-04.46.25:496][  0]LogD3D11RHI:     GPU DeviceId: 0x1341 (for the marketing name, search the web for "GPU Device Id")
[2017.08.26-04.46.25:496][  0]LogWindows: EnumDisplayDevices:
[2017.08.26-04.46.25:496][  0]LogWindows:    0. 'Intel(R) HD Graphics Family' (P:1 D:1)
[2017.08.26-04.46.25:496][  0]LogWindows:    1. 'Intel(R) HD Graphics Family' (P:0 D:0)
[2017.08.26-04.46.25:496][  0]LogWindows:    2. 'Intel(R) HD Graphics Family' (P:0 D:0)
[2017.08.26-04.46.25:496][  0]LogWindows: DebugString: PrimaryIsNotTheChoosenAdapter PrimaryIsNotTheChoosenAdapter PrimaryIsNotTheChoosenAdapter FoundDriverCount:0 
[2017.08.26-04.46.25:496][  0]LogD3D11RHI:     Adapter Name: NVIDIA GeForce 840M
[2017.08.26-04.46.25:496][  0]LogD3D11RHI:   Driver Version: Unknown (internal:Unknown, unified:Unknown)
[2017.08.26-04.46.25:496][  0]LogD3D11RHI:      Driver Date: Unknown
[2017.08.26-04.46.25:496][  0]LogRHI: Texture pool is 1361 MB (70% of 1945 MB)
[2017.08.26-04.46.25:516][  0]LogD3D11RHI: Async texture creation enabled
[2017.08.26-04.46.25:535][  0]LogD3D11RHI: GPU Timing Frequency: 1000.000000 (Debug: 2 2)
[2017.08.26-04.46.25:536][  0]LogShaderCompilers: Guid format shader working directory is -6 characters bigger than the processId version (../../../../../../Users/Chris/Documents/dontbeasheep/Intermediate/Shaders/WorkingDirectory/1144/).
[2017.08.26-04.46.25:536][  0]LogShaderCompilers: Cleaned the shader compiler working directory 'C:/Users/Chris/AppData/Local/Temp/UnrealShaderWorkingDir/C94F9B4D468E9D06BCDA14AA1C3CC934/'.
[2017.08.26-04.46.25:536][  0]LogShaderCompilers:Display: Using Local Shader Compiler.
[2017.08.26-04.46.29:861][  0]LogTemp:Display: Loaded TP AllDesktopTargetPlatform
[2017.08.26-04.46.29:934][  0]LogTemp:Display: Loaded TP MacClientTargetPlatform
[2017.08.26-04.46.30:004][  0]LogTemp:Display: Loaded TP MacNoEditorTargetPlatform
[2017.08.26-04.46.30:076][  0]LogTemp:Display: Loaded TP MacServerTargetPlatform
[2017.08.26-04.46.30:171][  0]LogTemp:Display: Loaded TP MacTargetPlatform
[2017.08.26-04.46.30:238][  0]LogTemp:Display: Loaded TP WindowsClientTargetPlatform
[2017.08.26-04.46.30:309][  0]LogTemp:Display: Loaded TP WindowsNoEditorTargetPlatform
[2017.08.26-04.46.30:378][  0]LogTemp:Display: Loaded TP WindowsServerTargetPlatform
[2017.08.26-04.46.30:437][  0]LogTemp:Display: Loaded TP WindowsTargetPlatform
[2017.08.26-04.46.30:517][  0]LogTemp:Display: Loaded TP AndroidTargetPlatform
[2017.08.26-04.46.30:583][  0]LogTemp:Display: Loaded TP Android_ASTCTargetPlatform
[2017.08.26-04.46.30:650][  0]LogTemp:Display: Loaded TP Android_ATCTargetPlatform
[2017.08.26-04.46.30:719][  0]LogTemp:Display: Loaded TP Android_DXTTargetPlatform
[2017.08.26-04.46.30:789][  0]LogTemp:Display: Loaded TP Android_ETC1TargetPlatform
[2017.08.26-04.46.30:857][  0]LogTemp:Display: Loaded TP Android_ETC2TargetPlatform
[2017.08.26-04.46.30:993][  0]LogTemp:Display: Loaded TP Android_MultiTargetPlatform
[2017.08.26-04.46.30:993][  0]LogTemp:Display: Loaded TP Android_PVRTCTargetPlatform
[2017.08.26-04.46.31:052][  0]LogTemp:Display: Loaded TP HTML5TargetPlatform
[2017.08.26-04.46.31:215][  0]LogTemp:Display: Loaded TP IOSTargetPlatform
[2017.08.26-04.46.31:259][  0]LogTemp:Display: Loaded TP TVOSTargetPlatform
[2017.08.26-04.46.31:327][  0]LogTemp:Display: Loaded TP LinuxClientTargetPlatform
[2017.08.26-04.46.31:394][  0]LogTemp:Display: Loaded TP LinuxNoEditorTargetPlatform
[2017.08.26-04.46.31:463][  0]LogTemp:Display: Loaded TP LinuxServerTargetPlatform
[2017.08.26-04.46.31:553][  0]LogTemp:Display: Loaded TP LinuxTargetPlatform
[2017.08.26-04.46.31:553][  0]LogTargetPlatformManager:Display: Building Assets For Windows
[2017.08.26-04.46.32:148][  0]LogDerivedDataCache:Display: Max Cache Size: 512 MB
[2017.08.26-04.46.32:194][  0]LogDerivedDataCache: Loaded boot cache 0.05s 50MB C:/Users/Chris/AppData/Local/UnrealEngine/4.15/DerivedDataCache/Boot.ddc.
[2017.08.26-04.46.32:194][  0]LogDerivedDataCache:Display: Loaded Boot cache: C:/Users/Chris/AppData/Local/UnrealEngine/4.15/DerivedDataCache/Boot.ddc
[2017.08.26-04.46.32:194][  0]LogDerivedDataCache: FDerivedDataBackendGraph:  Pak pak cache file ../../../../../../Users/Chris/Documents/dontbeasheep/DerivedDataCache/DDC.ddp not found, will not use a pak cache.
[2017.08.26-04.46.32:194][  0]LogDerivedDataCache: Unable to find inner node Pak for hierarchical cache Hierarchy.
[2017.08.26-04.46.32:195][  0]LogDerivedDataCache: FDerivedDataBackendGraph:  CompressedPak pak cache file ../../../../../../Users/Chris/Documents/dontbeasheep/DerivedDataCache/Compressed.ddp not found, will not use a pak cache.
[2017.08.26-04.46.32:195][  0]LogDerivedDataCache: Unable to find inner node CompressedPak for hierarchical cache Hierarchy.
[2017.08.26-04.46.32:216][  0]LogDerivedDataCache:Display: Pak cache opened for reading ../../../Engine/DerivedDataCache/Compressed.ddp.
[2017.08.26-04.46.32:227][  0]LogDerivedDataCache: Using Local data cache path C:/Users/Chris/AppData/Local/UnrealEngine/Common/DerivedDataCache: Writable
[2017.08.26-04.46.32:237][  0]LogSlate: Using Freetype 2.6.0
[2017.08.26-04.46.32:261][  0]LogSlate: SlateFontCache - WITH_FREETYPE: 1, WITH_HARFBUZZ: 1
[2017.08.26-04.46.32:261][  0]LogSlate: SlateFontCache - WITH_FREETYPE: 1, WITH_HARFBUZZ: 1
[2017.08.26-04.46.35:007][  0]LogInit: Selected Device Profile: [Windows]
[2017.08.26-04.46.35:010][  0]LogContentStreaming: Texture pool size is 0.00 MB
[2017.08.26-04.46.35:328][  0]LogMeshUtilities: Using QuadricMeshReduction for automatic static mesh reduction
[2017.08.26-04.46.35:387][  0]LogSimplygon: Simplygon DLL not present - disabling.
[2017.08.26-04.46.35:450][  0]LogMeshUtilities: Using SimplygonSwarm for distributed automatic mesh merging
[2017.08.26-04.46.35:450][  0]LogMeshUtilities: No automatic skeletal mesh reduction module available
[2017.08.26-04.46.35:450][  0]LogMeshUtilities: No automatic mesh merging module available
[2017.08.26-04.46.36:277][  0]LogNetVersion: GetLocalNetworkVersion: CL: 3299760, ProjectName: dontbeasheep, ProjectVersion: , EngineNetworkVersion: 2, GameNetworkVersion: 0, NetworkChecksum: 1071483114
[2017.08.26-04.46.36:334][  0]LogAssetRegistry: FAssetRegistry took 0.0220 seconds to start up
[2017.08.26-04.46.36:406][  0]LogPackageLocalizationCache: Processed 3 localized package path(s) for 2 prioritized culture(s) in 0.036481 seconds
[2017.08.26-04.46.36:412][  0]LogUObjectArray: 32493 objects as part of root set at end of initial load.
[2017.08.26-04.46.36:412][  0]LogUObjectAllocator: 7077024 out of 0 bytes used by permanent object pool.
[2017.08.26-04.46.36:412][  0]LogUObjectArray: CloseDisregardForGC: 0/0 objects in disregard for GC pool
[2017.08.26-04.46.36:506][  0]LogInit: WinSock: version 1.1 (2.2), MaxSocks=32767, MaxUdp=65467
[2017.08.26-04.47.27:124][  0]LogTcpMessaging: Initializing TcpMessaging bridge
[2017.08.26-04.47.27:208][  0]LogUdpMessaging: Initializing bridge on interface 0.0.0.0:0 to multicast group 230.0.0.1:6666.
[2017.08.26-04.47.28:769][  0]LogMaterial: Uniform references updated for custom material expression Custom.
[2017.08.26-04.47.29:311][  0]SourceControl: Info Source control is disabled
[2017.08.26-04.47.29:313][  0]SourceControl: Info Source control is disabled
[2017.08.26-04.47.29:380][  0]SourceControl: Info Source control is disabled
[2017.08.26-04.47.29:446][  0]SourceControl: Info Source control is disabled
[2017.08.26-04.47.32:049][  0]LogEngine: Initializing Engine...
[2017.08.26-04.47.32:050][  0]LogHMD: Failed to initialize OpenVR with code 110
[2017.08.26-04.47.32:176][  0]LogStats: UGameplayTagsManager::ConstructGameplayTagTree: Construct from data asset -  0.000 s
[2017.08.26-04.47.32:176][  0]LogStats: UGameplayTagsManager::ConstructGameplayTagTree: GameplayTagTreeChangedEvent.Broadcast -  0.000 s
[2017.08.26-04.47.32:353][  0]LogAIModule: Creating AISystem for world Untitled
[2017.08.26-04.47.32:363][  0]LogInit: XAudio2 using 'Speakers (Realtek High Definition Audio)' : 2 channels at 48 kHz using 32 bits per sample (channel mask 0x3)
[2017.08.26-04.47.32:594][  0]LogInit: FAudioDevice initialized.
[2017.08.26-04.47.32:630][  0]LogDerivedDataCache: Saved boot cache 0.04s 50MB C:/Users/Chris/AppData/Local/UnrealEngine/4.15/DerivedDataCache/Boot.ddc.
[2017.08.26-04.47.32:966][  0]LogInit: Texture streaming: Enabled
[2017.08.26-04.47.33:096][  0]LogEngineSessionManager: EngineSessionManager initialized
[2017.08.26-04.47.33:219][  0]LogInit: Transaction tracking system initialized
[2017.08.26-04.47.33:714][  0]BlueprintLog: New page: Editor Load
[2017.08.26-04.47.35:153][  0]LocalizationService: Info Localization service is disabled
[2017.08.26-04.47.36:290][  0]LogConsoleResponse:Display: 
[2017.08.26-04.47.36:515][  0]LogFileCache: Scanning file cache for directory 'C:/Users/Chris/Documents/dontbeasheep/Content/' took 0.01s
[2017.08.26-04.47.36:515][  0]LogCook:Display: Max memory allowance for cook 16384mb min free memory 0mb
[2017.08.26-04.47.36:515][  0]LogCook:Display: Mobile HDR setting 1
[2017.08.26-04.47.38:160][  0]SourceControl: Info Source control is disabled
[2017.08.26-04.47.38:160][  0]Cmd: MAP LOAD FILE="../../../Engine/Content/Maps/Templates/Template_Default.umap" TEMPLATE=1 SHOWPROGRESS=1 FEATURELEVEL=3
[2017.08.26-04.47.38:161][  0]LightingResults: New page: Lighting Build
[2017.08.26-04.47.38:213][  0]MapCheck: New page: Map Check
[2017.08.26-04.47.38:213][  0]LightingResults: New page: Lighting Build
[2017.08.26-04.47.38:444][  0]LogAIModule: Creating AISystem for world Untitled_1
[2017.08.26-04.47.38:464][  0]LogActorComponent: RegisterComponentWithWorld: (/Temp/Untitled_1.Untitled_1:PersistentLevel.WorldSettings_1.StaticMeshComponent0) Trying to register component with IsPendingKill() == true. Aborting.
[2017.08.26-04.47.38:470][  0]LogEditorServer: Finished looking for orphan Actors (0.000 secs)
[2017.08.26-04.47.38:474][  0]Cmd: MAP CHECKDEP NOCLEARLOG
[2017.08.26-04.47.38:523][  0]MapCheck: Info Map check complete: 0 Error(s), 0 Warning(s), took 48.552ms to complete.
[2017.08.26-04.47.38:523][  0]LogFileHelpers: Loading map 'Template_Default' took 0.363
[2017.08.26-04.47.38:594][  0]LogWindowsTextInputMethodSystem:Display: IME system now deactivated.
[2017.08.26-04.47.38:594][  0]LogWindowsTextInputMethodSystem:Display: IME system now deactivated.
[2017.08.26-04.47.39:865][  0]LogCollectionManager: Loaded 0 collections in 0.001680 seconds
[2017.08.26-04.47.40:137][  0]LogFileCache: Scanning file cache for directory 'C:/Users/Chris/Documents/dontbeasheep/Saved/Collections/' took 0.01s
[2017.08.26-04.47.40:137][  0]LogFileCache: Scanning file cache for directory 'C:/Users/Chris/Documents/dontbeasheep/Content/Developers/Chris/Collections/' took 0.01s
[2017.08.26-04.47.40:137][  0]LogFileCache: Scanning file cache for directory 'C:/Users/Chris/Documents/dontbeasheep/Content/Collections/' took 0.01s
[2017.08.26-04.47.40:137][  0]LogCollectionManager: Rebuilt the GUID cache for 0 collections in 0.000002 seconds
[2017.08.26-04.47.40:160][  0]LogContentBrowser: Native class hierarchy populated in 0.0100 seconds. Added 2245 classes and 453 folders.
[2017.08.26-04.47.40:308][  0]LogContentBrowser: Native class hierarchy updated for 'WidgetCarousel' in 0.0005 seconds. Added 0 classes and 0 folders.
[2017.08.26-04.47.42:538][  0]LogContentBrowser: Native class hierarchy updated for 'AddContentDialog' in 0.0006 seconds. Added 0 classes and 0 folders.
[2017.08.26-04.47.42:717][  0]LogContentBrowser: Native class hierarchy updated for 'SceneOutliner' in 0.0006 seconds. Added 1 classes and 2 folders.
[2017.08.26-04.47.44:078][  0]LogCrashTracker: Crashtracker disabled due to settings.
[2017.08.26-04.47.44:342][  0]LogUObjectGlobals:Warning: Failed to find object 'Class None.'
[2017.08.26-04.47.44:432][  0]LogContentBrowser: Native class hierarchy updated for 'HierarchicalLODOutliner' in 0.0006 seconds. Added 1 classes and 2 folders.
[2017.08.26-04.47.44:432][  0]LogLoad: (Engine Initialization) Total time: 93.97 seconds
[2017.08.26-04.47.44:432][  0]LogLoad: (Engine Initialization) Total Blueprint compile time: 0.19 seconds
[2017.08.26-04.47.44:432][  0]LogExternalProfiler: Found external profiler: VSPerf
[2017.08.26-04.47.44:432][  0]LogExternalProfiler: Using external profiler: VSPerf
[2017.08.26-04.47.44:451][  0]LogOcInput: OculusInput pre-init called
[2017.08.26-04.47.44:877][  0]LogContentStreaming: Texture pool size now 1000 MB
[2017.08.26-04.47.44:878][  0]LogSlate: Took 0.000232 seconds to synchronously load lazily loaded font '../../../Engine/Content/Slate/Fonts/Roboto-Regular.ttf' (155K)
[2017.08.26-04.47.44:881][  0]LogSlate: Took 0.000243 seconds to synchronously load lazily loaded font '../../../Engine/Content/Slate/Fonts/Roboto-Bold.ttf' (160K)
[2017.08.26-04.47.44:948][  0]LogSlate: Took 0.026382 seconds to synchronously load lazily loaded font '../../../Engine/Content/Editor/Slate/Fonts/FontAwesome.ttf' (139K)
[2017.08.26-04.47.46:326][  0]LogRenderer: Reallocating scene render targets to support 928x288 NumSamples 1 (Frame:2).
[2017.08.26-04.47.47:431][  1]LogHttp:Warning: 000001DF164A1F00: request failed, libcurl error: 6 (Couldn't resolve host name)
[2017.08.26-04.47.47:431][  1]LogHttp:Warning: 000001DF164A1F00: libcurl info message cache 0 (Could not resolve host: cdn.unrealengine.com)
[2017.08.26-04.47.47:431][  1]LogHttp:Warning: 000001DF164A1F00: libcurl info message cache 1 (Closing connection 0)
[2017.08.26-04.47.47:446][  1]LogAssetRegistry: Asset discovery search completed in 71.1330 seconds
[2017.08.26-04.47.47:446][  1]LogCollectionManager: Rebuilt the object cache for 0 collections in 0.000008 seconds (found 0 objects)
[2017.08.26-04.47.47:446][  1]LogCollectionManager: Fixed up redirectors for 0 collections in 0.000041 seconds (updated 0 objects)
[2017.08.26-04.47.47:668][  2]LogHttp:Warning: 000001DF162ED000: request failed, libcurl error: 6 (Couldn't resolve host name)
[2017.08.26-04.47.47:668][  2]LogHttp:Warning: 000001DF162ED000: libcurl info message cache 0 (Could not resolve host: cdn.unrealengine.com)
[2017.08.26-04.47.47:668][  2]LogHttp:Warning: 000001DF162ED000: libcurl info message cache 1 (Closing connection 1)
[2017.08.26-04.47.47:708][  3]LogHttp:Warning: 000001DF178F6680: request failed, libcurl error: 6 (Couldn't resolve host name)
[2017.08.26-04.47.47:708][  3]LogHttp:Warning: 000001DF178F6680: libcurl info message cache 0 (Could not resolve host: cdn.unrealengine.com)
[2017.08.26-04.47.47:708][  3]LogHttp:Warning: 000001DF178F6680: libcurl info message cache 1 (Closing connection 2)
[2017.08.26-04.47.51:978][247]LogTemp: Repeting last play command: Selected Viewport
[2017.08.26-04.47.51:985][247]LogPlayLevel: PlayLevel: No blueprints needed recompiling
[2017.08.26-04.47.52:030][247]PIE: New page: PIE session: Untitled_1 (Aug 25, 2017, 2:47:52 PM)
[2017.08.26-04.47.52:030][247]LogPlayLevel: Creating play world package: /Temp/UEDPIE_0_Untitled_1
[2017.08.26-04.47.52:032][247]LogPlayLevel: PIE: StaticDuplicateObject took: (0.001738s)
[2017.08.26-04.47.52:034][247]LogAIModule: Creating AISystem for world Untitled_1
[2017.08.26-04.47.52:034][247]LogPlayLevel: PIE: World Init took: (0.001502s)
[2017.08.26-04.47.52:059][247]LogPlayLevel: PIE: Created PIE world by copying editor world from /Temp/Untitled_1.Untitled_1 to /Temp/UEDPIE_0_Untitled_1.Untitled_1 (0.028493s)
[2017.08.26-04.47.52:098][247]LogInit: XAudio2 using 'Speakers (Realtek High Definition Audio)' : 2 channels at 48 kHz using 32 bits per sample (channel mask 0x3)
[2017.08.26-04.47.52:108][247]LogInit: FAudioDevice initialized.
[2017.08.26-04.47.52:270][247]LogLoad: Game class is 'GameModeBase'
[2017.08.26-04.47.52:476][247]LogWorld: Bringing World /Temp/UEDPIE_0_Untitled_1.Untitled_1 up for play (max tick rate 60) at 2017.08.25-21.47.52
[2017.08.26-04.47.52:479][247]LogWorld: Bringing up level for play took: 0.003712
[2017.08.26-04.47.52:754][247]LogContentBrowser: Native class hierarchy updated for 'MovieSceneCapture' in 0.0008 seconds. Added 11 classes and 0 folders.
[2017.08.26-04.47.52:927][247]PIE: Info Play in editor start time for /Temp/UEDPIE_0_Untitled_1 1.936
[2017.08.26-04.48.00:755][684]LogRenderer: Reallocating scene render targets to support 928x292 NumSamples 1 (Frame:730).
[2017.08.26-04.48.00:813][685]LogRenderer: Reallocating scene render targets to support 928x324 NumSamples 1 (Frame:732).
[2017.08.26-04.48.00:890][686]LogRenderer: Reallocating scene render targets to support 928x396 NumSamples 1 (Frame:734).
[2017.08.26-04.48.00:966][687]LogRenderer: Reallocating scene render targets to support 928x520 NumSamples 1 (Frame:736).
[2017.08.26-04.48.01:050][688]LogRenderer: Reallocating scene render targets to support 928x576 NumSamples 1 (Frame:738).
[2017.08.26-04.48.01:124][689]LogRenderer: Reallocating scene render targets to support 928x580 NumSamples 1 (Frame:740).
[2017.08.26-04.48.04:037][840]LogRenderer: Reallocating scene render targets to support 932x580 NumSamples 1 (Frame:904).
[2017.08.26-04.48.04:100][841]LogRenderer: Reallocating scene render targets to support 960x580 NumSamples 1 (Frame:906).
[2017.08.26-04.48.04:152][842]LogRenderer: Reallocating scene render targets to support 996x580 NumSamples 1 (Frame:908).
[2017.08.26-04.48.04:209][843]LogRenderer: Reallocating scene render targets to support 1008x580 NumSamples 1 (Frame:910).
[2017.08.26-04.48.04:266][844]LogRenderer: Reallocating scene render targets to support 1016x580 NumSamples 1 (Frame:912).
[2017.08.26-04.48.04:320][845]LogRenderer: Reallocating scene render targets to support 1020x580 NumSamples 1 (Frame:914).
[2017.08.26-04.48.04:879][872]LogEditorViewport: Clicking on Actor (LMB): StaticMeshActor (Floor)
[2017.08.26-04.48.35:294][463]LogSlate: Took 0.000178 seconds to synchronously load lazily loaded font '../../../Engine/Content/Slate/Fonts/Roboto-Light.ttf' (159K)
[2017.08.26-04.48.37:575][463]LogSlate: Took 0.000222 seconds to synchronously load lazily loaded font '../../../Engine/Content/Slate/Fonts/Roboto-Light.ttf' (159K)
[2017.08.26-04.48.44:490][875]LogHttp:Warning: 000001DF70630D00: request failed, libcurl error: 6 (Couldn't resolve host name)
[2017.08.26-04.48.44:490][875]LogHttp:Warning: 000001DF70630D00: libcurl info message cache 0 (Could not resolve host: datarouter.ol.epicgames.com)
[2017.08.26-04.48.44:490][875]LogHttp:Warning: 000001DF70630D00: libcurl info message cache 1 (Closing connection 3)
[2017.08.26-04.48.51:930][259]LogSlate: Took 0.000205 seconds to synchronously load lazily loaded font '../../../Engine/Content/Slate/Fonts/Roboto-Regular.ttf' (155K)
[2017.08.26-04.48.52:496][259]LogContentBrowser: Native class hierarchy updated for 'BlueprintGraph' in 0.0010 seconds. Added 112 classes and 0 folders.
[2017.08.26-04.48.55:023][259]LogRenderer: Reallocating scene render targets to support 1236x580 NumSamples 1 (Frame:3454).
[2017.08.26-04.48.59:575][403]LogSlate: Took 0.030548 seconds to synchronously load lazily loaded font '../../../Engine/Content/Editor/Slate/Fonts/Roboto-Italic.ttf' (157K)
[2017.08.26-04.49.16:594][962]BlueprintLog: New page: Compile bp_Sheep01
[2017.08.26-04.49.44:559][834]LogHttp:Warning: 000001DF07243580: request failed, libcurl error: 6 (Couldn't resolve host name)
[2017.08.26-04.49.44:559][834]LogHttp:Warning: 000001DF07243580: libcurl info message cache 0 (Could not resolve host: datarouter.ol.epicgames.com)
[2017.08.26-04.49.44:559][834]LogHttp:Warning: 000001DF07243580: libcurl info message cache 1 (Closing connection 4)
[2017.08.26-04.50.19:687][ 33]BlueprintLog: New page: Compile bp_Sheep01
[2017.08.26-04.50.42:641][199]LogSlate:Warning: Prevented a slow task dialog from being summoned while a context menu was open
[2017.08.26-04.51.19:718][620]LogHttp:Warning: 000001DF50B17280: request failed, libcurl error: 6 (Couldn't resolve host name)
[2017.08.26-04.51.19:718][620]LogHttp:Warning: 000001DF50B17280: libcurl info message cache 0 (Could not resolve host: datarouter.ol.epicgames.com)
[2017.08.26-04.51.19:718][620]LogHttp:Warning: 000001DF50B17280: libcurl info message cache 1 (Closing connection 5)
[2017.08.26-04.51.19:868][624]LogSlate:Warning: Prevented a slow task dialog from being summoned while a context menu was open
[2017.08.26-04.51.24:929][810]BlueprintLog: New page: Compile storyBook_gamemode
[2017.08.26-04.51.28:494][923]Cmd: OBJ SAVEPACKAGE PACKAGE="/Game/storyBook_gamemode" FILE="../../../../../../Users/Chris/Documents/dontbeasheep/Content/storyBook_gamemode.uasset" SILENT=true
[2017.08.26-04.51.28:628][923]LogSavePackage: Save=105.89ms
[2017.08.26-04.51.28:628][923]LogSavePackage: Moving '../../../../../../Users/Chris/Documents/dontbeasheep/Saved/storyBook_gamemodeA92D19BD400B39C0FC43229EB44D4117.tmp' to '../../../../../../Users/Chris/Documents/dontbeasheep/Content/storyBook_gamemode.uasset'
[2017.08.26-04.51.28:639][923]LogSavePackage:Display: Finished SavePackage ../../../../../../Users/Chris/Documents/dontbeasheep/Content/storyBook_gamemode.uasset
[2017.08.26-04.51.29:535][953]Cmd: OBJ SAVEPACKAGE PACKAGE="/Game/bp_Sheep01" FILE="../../../../../../Users/Chris/Documents/dontbeasheep/Content/bp_Sheep01.uasset" SILENT=true
[2017.08.26-04.51.29:605][953]LogSavePackage: Save=66.33ms
[2017.08.26-04.51.29:605][953]LogSavePackage: Moving '../../../../../../Users/Chris/Documents/dontbeasheep/Saved/bp_Sheep01526E45464C7363AA73355CA68A86E5A9.tmp' to '../../../../../../Users/Chris/Documents/dontbeasheep/Content/bp_Sheep01.uasset'
[2017.08.26-04.51.29:609][953]LogSavePackage:Display: Finished SavePackage ../../../../../../Users/Chris/Documents/dontbeasheep/Content/bp_Sheep01.uasset
[2017.08.26-04.51.32:009][ 65]LogTemp: Repeting last play command: Selected Viewport
[2017.08.26-04.51.32:032][ 65]LogPlayLevel: PlayLevel: No blueprints needed recompiling
[2017.08.26-04.51.32:032][ 65]PIE: New page: PIE session: Untitled_1 (Aug 25, 2017, 2:51:32 PM)
[2017.08.26-04.51.32:032][ 65]LogPlayLevel: Creating play world package: /Temp/UEDPIE_0_Untitled_1
[2017.08.26-04.51.32:034][ 65]LogPlayLevel: PIE: StaticDuplicateObject took: (0.002187s)
[2017.08.26-04.51.32:035][ 65]LogAIModule: Creating AISystem for world Untitled_1
[2017.08.26-04.51.32:035][ 65]LogPlayLevel: PIE: World Init took: (0.000991s)
[2017.08.26-04.51.32:035][ 65]LogPlayLevel: PIE: Created PIE world by copying editor world from /Temp/Untitled_1.Untitled_1 to /Temp/UEDPIE_0_Untitled_1.Untitled_1 (0.003435s)
[2017.08.26-04.51.32:069][ 65]LogInit: XAudio2 using 'Speakers (Realtek High Definition Audio)' : 2 channels at 48 kHz using 32 bits per sample (channel mask 0x3)
[2017.08.26-04.51.32:081][ 65]LogInit: FAudioDevice initialized.
[2017.08.26-04.51.32:114][ 65]LogLoad: Game class is 'GameMode'
[2017.08.26-04.51.32:116][ 65]LogWorld: Bringing World /Temp/UEDPIE_0_Untitled_1.Untitled_1 up for play (max tick rate 60) at 2017.08.25-21.51.32
[2017.08.26-04.51.32:116][ 65]LogWorld: Bringing up level for play took: 0.001270
[2017.08.26-04.51.32:117][ 65]LogGameMode:Display: Match State Changed from EnteringMap to WaitingToStart
[2017.08.26-04.51.32:132][ 65]LogGameState: Match State Changed from EnteringMap to WaitingToStart
[2017.08.26-04.51.32:132][ 65]LogGameMode:Display: Match State Changed from WaitingToStart to InProgress
[2017.08.26-04.51.32:133][ 65]LogGameState: Match State Changed from WaitingToStart to InProgress
[2017.08.26-04.51.32:133][ 65]PIE: Info Play in editor start time for /Temp/UEDPIE_0_Untitled_1 -0.858
[2017.08.26-04.51.42:847][702]LogSlate:Warning: Prevented a slow task dialog from being summoned while a context menu was open
[2017.08.26-04.51.46:850][941]LogTemp: Repeting last play command: Selected Viewport
[2017.08.26-04.51.46:861][941]LogPlayLevel: PlayLevel: No blueprints needed recompiling
[2017.08.26-04.51.46:862][941]PIE: New page: PIE session: Untitled_1 (Aug 25, 2017, 2:51:46 PM)
[2017.08.26-04.51.46:862][941]LogPlayLevel: Creating play world package: /Temp/UEDPIE_0_Untitled_1
[2017.08.26-04.51.46:863][941]LogPlayLevel: PIE: StaticDuplicateObject took: (0.001777s)
[2017.08.26-04.51.46:864][941]LogAIModule: Creating AISystem for world Untitled_1
[2017.08.26-04.51.46:864][941]LogPlayLevel: PIE: World Init took: (0.000967s)
[2017.08.26-04.51.46:865][941]LogPlayLevel: PIE: Created PIE world by copying editor world from /Temp/Untitled_1.Untitled_1 to /Temp/UEDPIE_0_Untitled_1.Untitled_1 (0.003035s)
[2017.08.26-04.51.46:899][941]LogInit: XAudio2 using 'Speakers (Realtek High Definition Audio)' : 2 channels at 48 kHz using 32 bits per sample (channel mask 0x3)
[2017.08.26-04.51.46:909][941]LogInit: FAudioDevice initialized.
[2017.08.26-04.51.46:942][941]LogLoad: Game class is 'storyBook_gamemode_C'
[2017.08.26-04.51.46:944][941]LogWorld: Bringing World /Temp/UEDPIE_0_Untitled_1.Untitled_1 up for play (max tick rate 60) at 2017.08.25-21.51.46
[2017.08.26-04.51.46:944][941]LogWorld: Bringing up level for play took: 0.001050
[2017.08.26-04.51.46:945][941]PIE: Info Play in editor start time for /Temp/UEDPIE_0_Untitled_1 -0.046
[2017.08.26-04.51.56:091][344]LogSlate: Took 0.031558 seconds to synchronously load lazily loaded font '../../../Engine/Content/Editor/Slate/Fonts/Roboto-BoldCondensed.ttf' (158K)
[2017.08.26-04.52.23:203][671]LogTemp:Display: Executing iPhonePackager certificates Engine -bundlename com.YourCompany.dontbeasheep

[2017.08.26-04.52.23:203][671]LogTemp:Display: CWD: C:\Program Files\Epic Games\UE_4.15\Engine\Binaries\DotNET\IOS

[2017.08.26-04.52.23:203][671]LogTemp:Display: Initial Dir: C:\Program Files\Epic Games\UE_4.15

[2017.08.26-04.52.23:203][671]LogTemp:Display: Env CWD: C:\Program Files\Epic Games\UE_4.15\Engine\Binaries\DotNET\IOS

[2017.08.26-04.52.23:203][671]LogTemp:Display: BranchPath = CHRIS_JUSTO/C/Program Files/Epic Games/UE_4.15/Engine/Binaries --- GameBranchPath = CHRIS_JUSTO/C/Program Files/Epic Games/UE_4.15/Engine/Binaries

[2017.08.26-04.52.23:203][671]LogSlate: Only BGRA pngs, bmps or icos are supported in by External Image Picker
[2017.08.26-04.52.23:801][692]LogTemp:Display: IPP ERROR: Application exception: System.IO.DirectoryNotFoundException: Could not find a part of the path 'C:\Users\Chris\AppData\Local\Apple Computer\MobileDevice\Provisioning Profiles'.

[2017.08.26-04.52.23:801][692]LogTemp:Display:    at System.IO.__Error.WinIOError(Int32 errorCode, String maybeFullPath)

[2017.08.26-04.52.23:801][692]LogTemp:Display:    at System.IO.FileSystemEnumerableIterator`1.CommonInit()

[2017.08.26-04.52.23:801][692]LogTemp:Display:    at System.IO.Directory.EnumerateFiles(String path, String searchPattern)

[2017.08.26-04.52.23:801][692]LogTemp:Display:    at iPhonePackager.CodeSignatureBuilder.FindProvisions(String CFBundleIdentifier)

[2017.08.26-04.52.23:801][692]LogTemp:Display:    at iPhonePackager.Program.Main(String[] args)

[2017.08.26-04.52.25:008][760]LogHttp:Warning: 000001DF80849F00: request failed, libcurl error: 6 (Couldn't resolve host name)
[2017.08.26-04.52.25:008][760]LogHttp:Warning: 000001DF80849F00: libcurl info message cache 0 (Could not resolve host: datarouter.ol.epicgames.com)
[2017.08.26-04.52.25:009][760]LogHttp:Warning: 000001DF80849F00: libcurl info message cache 1 (Closing connection 6)
[2017.08.26-04.53.31:855][858]LogHttp:Warning: 000001DF808C2800: request failed, libcurl error: 6 (Couldn't resolve host name)
[2017.08.26-04.53.31:855][858]LogHttp:Warning: 000001DF808C2800: libcurl info message cache 0 (Could not resolve host: datarouter.ol.epicgames.com)
[2017.08.26-04.53.31:855][858]LogHttp:Warning: 000001DF808C2800: libcurl info message cache 1 (Closing connection 7)
[2017.08.26-04.54.41:607][918]LogHttp:Warning: 000001DF07227D00: request failed, libcurl error: 6 (Couldn't resolve host name)
[2017.08.26-04.54.41:607][918]LogHttp:Warning: 000001DF07227D00: libcurl info message cache 0 (Could not resolve host: datarouter.ol.epicgames.com)
[2017.08.26-04.54.41:607][918]LogHttp:Warning: 000001DF07227D00: libcurl info message cache 1 (Closing connection 8)
[2017.08.26-04.55.44:495][663]LogHttp:Warning: 000001DF84E9F400: request failed, libcurl error: 6 (Couldn't resolve host name)
[2017.08.26-04.55.44:495][663]LogHttp:Warning: 000001DF84E9F400: libcurl info message cache 0 (Could not resolve host: datarouter.ol.epicgames.com)
[2017.08.26-04.55.44:495][663]LogHttp:Warning: 000001DF84E9F400: libcurl info message cache 1 (Closing connection 9)
[2017.08.26-04.56.51:955][543]LogHttp:Warning: 000001DF98848B80: request failed, libcurl error: 6 (Couldn't resolve host name)
[2017.08.26-04.56.51:955][543]LogHttp:Warning: 000001DF98848B80: libcurl info message cache 0 (Could not resolve host: datarouter.ol.epicgames.com)
[2017.08.26-04.56.51:955][543]LogHttp:Warning: 000001DF98848B80: libcurl info message cache 1 (Closing connection 10)
[2017.08.26-04.57.19:560][761]BlueprintLog: New page: Compile bp_Sheep01
[2017.08.26-04.57.33:341][340]BlueprintLog: New page: Compile bp_Sheep01
[2017.08.26-04.57.37:027][506]LogTemp: Repeting last play command: Selected Viewport
[2017.08.26-04.57.37:046][506]LogPlayLevel: PlayLevel: No blueprints needed recompiling
[2017.08.26-04.57.37:047][506]PIE: New page: PIE session: Untitled_1 (Aug 25, 2017, 2:57:37 PM)
[2017.08.26-04.57.37:047][506]LogPlayLevel: Creating play world package: /Temp/UEDPIE_0_Untitled_1
[2017.08.26-04.57.37:050][506]LogPlayLevel: PIE: StaticDuplicateObject took: (0.003203s)
[2017.08.26-04.57.37:052][506]LogAIModule: Creating AISystem for world Untitled_1
[2017.08.26-04.57.37:052][506]LogPlayLevel: PIE: World Init took: (0.002262s)
[2017.08.26-04.57.37:052][506]LogPlayLevel: PIE: Created PIE world by copying editor world from /Temp/Untitled_1.Untitled_1 to /Temp/UEDPIE_0_Untitled_1.Untitled_1 (0.005805s)
[2017.08.26-04.57.37:098][506]LogInit: XAudio2 using 'Speakers (Realtek High Definition Audio)' : 2 channels at 48 kHz using 32 bits per sample (channel mask 0x3)
[2017.08.26-04.57.37:111][506]LogInit: FAudioDevice initialized.
[2017.08.26-04.57.37:145][506]LogLoad: Game class is 'storyBook_gamemode_C'
[2017.08.26-04.57.37:147][506]LogWorld: Bringing World /Temp/UEDPIE_0_Untitled_1.Untitled_1 up for play (max tick rate 60) at 2017.08.25-21.57.37
[2017.08.26-04.57.37:147][506]LogWorld: Bringing up level for play took: 0.001027
[2017.08.26-04.57.37:216][506]PIE: Info Play in editor start time for /Temp/UEDPIE_0_Untitled_1 0.225
[2017.08.26-04.57.57:357][530]Cmd: OBJ SAVEPACKAGE PACKAGE="/Game/bp_Sheep01" FILE="../../../../../../Users/Chris/Documents/dontbeasheep/Content/bp_Sheep01.uasset" SILENT=true
[2017.08.26-04.57.57:406][530]LogSavePackage: Save=35.11ms
[2017.08.26-04.57.57:406][530]LogSavePackage: Moving '../../../../../../Users/Chris/Documents/dontbeasheep/Saved/bp_Sheep01D4C39F584B63C8356F652895F80AA8D6.tmp' to '../../../../../../Users/Chris/Documents/dontbeasheep/Content/bp_Sheep01.uasset'
[2017.08.26-04.57.57:409][530]LogSavePackage:Display: Finished SavePackage ../../../../../../Users/Chris/Documents/dontbeasheep/Content/bp_Sheep01.uasset
[2017.08.26-04.58.19:615][508]LogHttp:Warning: 000001DF50B14700: request failed, libcurl error: 6 (Couldn't resolve host name)
[2017.08.26-04.58.19:615][508]LogHttp:Warning: 000001DF50B14700: libcurl info message cache 0 (Could not resolve host: datarouter.ol.epicgames.com)
[2017.08.26-04.58.19:615][508]LogHttp:Warning: 000001DF50B14700: libcurl info message cache 1 (Closing connection 11)
[2017.08.26-04.58.33:002][100]LogSlate: Took 0.000488 seconds to synchronously load lazily loaded font '../../../Engine/Content/Slate/Fonts/Roboto-Light.ttf' (159K)
[2017.08.26-04.58.42:103][492]Cmd: OBJ SAVEPACKAGE PACKAGE="/Temp/Untitled_1" FILE="../../../../../../Users/Chris/Documents/dontbeasheep/Saved/Autosaves/Temp/Untitled_1_Auto1.umap" SILENT=true AUTOSAVING=true KEEPDIRTY=false
[2017.08.26-04.58.42:255][492]LogSavePackage: Save=150.98ms
[2017.08.26-04.58.42:255][492]LogSavePackage: Moving '../../../../../../Users/Chris/Documents/dontbeasheep/Saved/Untitled_1_Auto18EB31B224A8976BDE66C2ABA9F6C5343.tmp' to '../../../../../../Users/Chris/Documents/dontbeasheep/Saved/Autosaves/Temp/Untitled_1_Auto1.umap'
[2017.08.26-04.58.42:257][492]LogSavePackage:Display: Finished SavePackage ../../../../../../Users/Chris/Documents/dontbeasheep/Saved/Autosaves/Temp/Untitled_1_Auto1.umap
[2017.08.26-04.58.42:287][492]LogFileHelpers: Editor autosave (incl. sublevels) for '/Temp/Untitled_1' took 0.290
[2017.08.26-04.58.42:287][492]LogFileHelpers: Editor autosave (incl. sublevels) for all levels took 0.290
[2017.08.26-04.58.42:289][492]OBJ SavePackage: Generating thumbnails for [0] asset(s) in package [/Game/bp_Sheep01] ([1] browsable assets)...
[2017.08.26-04.58.42:289][492]OBJ SavePackage: Finished generating thumbnails for package [/Game/bp_Sheep01]
[2017.08.26-04.58.42:289][492]Cmd: OBJ SAVEPACKAGE PACKAGE="/Game/bp_Sheep01" FILE="../../../../../../Users/Chris/Documents/dontbeasheep/Saved/Autosaves/Game/bp_Sheep01_Auto1.uasset" SILENT=false AUTOSAVING=true
[2017.08.26-04.58.42:318][492]LogSavePackage: Save=24.78ms
[2017.08.26-04.58.42:318][492]LogSavePackage: Moving '../../../../../../Users/Chris/Documents/dontbeasheep/Saved/bp_Sheep01_Auto1394F8C9947C9166F1C44F59F8416CF82.tmp' to '../../../../../../Users/Chris/Documents/dontbeasheep/Saved/Autosaves/Game/bp_Sheep01_Auto1.uasset'
[2017.08.26-04.58.42:319][492]LogSavePackage:Display: Finished SavePackage ../../../../../../Users/Chris/Documents/dontbeasheep/Saved/Autosaves/Game/bp_Sheep01_Auto1.uasset
[2017.08.26-04.58.42:319][492]LogFileHelpers: Auto-saving content packages took 0.031
[2017.08.26-04.59.08:680][667]BlueprintLog: New page: Compile bp_Sheep01
[2017.08.26-04.59.09:651][701]Cmd: OBJ SAVEPACKAGE PACKAGE="/Game/bp_Sheep01" FILE="../../../../../../Users/Chris/Documents/dontbeasheep/Content/bp_Sheep01.uasset" SILENT=true
[2017.08.26-04.59.09:711][701]LogSavePackage: Save=56.59ms
[2017.08.26-04.59.09:711][701]LogSavePackage: Moving '../../../../../../Users/Chris/Documents/dontbeasheep/Saved/bp_Sheep0117DF9C85408B8690B0E546B183CB143E.tmp' to '../../../../../../Users/Chris/Documents/dontbeasheep/Content/bp_Sheep01.uasset'
[2017.08.26-04.59.09:723][701]LogSavePackage:Display: Finished SavePackage ../../../../../../Users/Chris/Documents/dontbeasheep/Content/bp_Sheep01.uasset
[2017.08.26-04.59.13:393][892]LogTemp: Repeting last play command: Selected Viewport
[2017.08.26-04.59.13:417][892]LogPlayLevel: PlayLevel: No blueprints needed recompiling
[2017.08.26-04.59.13:418][892]PIE: New page: PIE session: Untitled_1 (Aug 25, 2017, 2:59:13 PM)
[2017.08.26-04.59.13:418][892]LogPlayLevel: Creating play world package: /Temp/UEDPIE_0_Untitled_1
[2017.08.26-04.59.13:422][892]LogPlayLevel: PIE: StaticDuplicateObject took: (0.004209s)
[2017.08.26-04.59.13:424][892]LogAIModule: Creating AISystem for world Untitled_1
[2017.08.26-04.59.13:424][892]LogPlayLevel: PIE: World Init took: (0.001887s)
[2017.08.26-04.59.13:425][892]LogPlayLevel: PIE: Created PIE world by copying editor world from /Temp/Untitled_1.Untitled_1 to /Temp/UEDPIE_0_Untitled_1.Untitled_1 (0.006633s)
[2017.08.26-04.59.13:481][892]LogInit: XAudio2 using 'Speakers (Realtek High Definition Audio)' : 2 channels at 48 kHz using 32 bits per sample (channel mask 0x3)
[2017.08.26-04.59.13:499][892]LogInit: FAudioDevice initialized.
[2017.08.26-04.59.13:535][892]LogLoad: Game class is 'storyBook_gamemode_C'
[2017.08.26-04.59.13:537][892]LogWorld: Bringing World /Temp/UEDPIE_0_Untitled_1.Untitled_1 up for play (max tick rate 60) at 2017.08.25-21.59.13
[2017.08.26-04.59.13:537][892]LogWorld: Bringing up level for play took: 0.001439
[2017.08.26-04.59.13:539][892]PIE: Info Play in editor start time for /Temp/UEDPIE_0_Untitled_1 0.548
[2017.08.26-04.59.44:585][242]LogHttp:Warning: 000001DF80DCDD80: request failed, libcurl error: 6 (Couldn't resolve host name)
[2017.08.26-04.59.44:585][242]LogHttp:Warning: 000001DF80DCDD80: libcurl info message cache 0 (Could not resolve host: datarouter.ol.epicgames.com)
[2017.08.26-04.59.44:585][242]LogHttp:Warning: 000001DF80DCDD80: libcurl info message cache 1 (Closing connection 12)
[2017.08.26-04.59.54:366][555]BlueprintLog: New page: Compile bp_Sheep01
[2017.08.26-04.59.55:073][573]Cmd: OBJ SAVEPACKAGE PACKAGE="/Game/bp_Sheep01" FILE="../../../../../../Users/Chris/Documents/dontbeasheep/Content/bp_Sheep01.uasset" SILENT=true
[2017.08.26-04.59.55:110][573]LogSavePackage: Save=32.55ms
[2017.08.26-04.59.55:110][573]LogSavePackage: Moving '../../../../../../Users/Chris/Documents/dontbeasheep/Saved/bp_Sheep011CC5879F46CDEF7E0B07498A8934ED2F.tmp' to '../../../../../../Users/Chris/Documents/dontbeasheep/Content/bp_Sheep01.uasset'
[2017.08.26-04.59.55:114][573]LogSavePackage:Display: Finished SavePackage ../../../../../../Users/Chris/Documents/dontbeasheep/Content/bp_Sheep01.uasset
[2017.08.26-04.59.57:510][696]LogTemp: Repeting last play command: Selected Viewport
[2017.08.26-04.59.57:526][696]LogPlayLevel: PlayLevel: No blueprints needed recompiling
[2017.08.26-04.59.57:527][696]PIE: New page: PIE session: Untitled_1 (Aug 25, 2017, 2:59:57 PM)
[2017.08.26-04.59.57:527][696]LogPlayLevel: Creating play world package: /Temp/UEDPIE_0_Untitled_1
[2017.08.26-04.59.57:529][696]LogPlayLevel: PIE: StaticDuplicateObject took: (0.002365s)
[2017.08.26-04.59.57:530][696]LogAIModule: Creating AISystem for world Untitled_1
[2017.08.26-04.59.57:531][696]LogPlayLevel: PIE: World Init took: (0.001684s)
[2017.08.26-04.59.57:531][696]LogPlayLevel: PIE: Created PIE world by copying editor world from /Temp/Untitled_1.Untitled_1 to /Temp/UEDPIE_0_Untitled_1.Untitled_1 (0.004454s)
[2017.08.26-04.59.57:578][696]LogInit: XAudio2 using 'Speakers (Realtek High Definition Audio)' : 2 channels at 48 kHz using 32 bits per sample (channel mask 0x3)
[2017.08.26-04.59.57:589][696]LogInit: FAudioDevice initialized.
[2017.08.26-04.59.57:623][696]LogLoad: Game class is 'storyBook_gamemode_C'
[2017.08.26-04.59.57:625][696]LogWorld: Bringing World /Temp/UEDPIE_0_Untitled_1.Untitled_1 up for play (max tick rate 60) at 2017.08.25-21.59.57
[2017.08.26-04.59.57:625][696]LogWorld: Bringing up level for play took: 0.001097
[2017.08.26-04.59.57:626][696]PIE: Info Play in editor start time for /Temp/UEDPIE_0_Untitled_1 0.635
[2017.08.26-05.00.28:251][ 94]BlueprintLog: New page: Compile bp_Sheep01
[2017.08.26-05.00.30:938][198]LogSlate:Warning: Prevented a slow task dialog from being summoned while a context menu was open
[2017.08.26-05.00.54:413][212]LogHttp:Warning: 000001DF2551A080: request failed, libcurl error: 6 (Couldn't resolve host name)
[2017.08.26-05.00.54:413][212]LogHttp:Warning: 000001DF2551A080: libcurl info message cache 0 (Could not resolve host: datarouter.ol.epicgames.com)
[2017.08.26-05.00.54:413][212]LogHttp:Warning: 000001DF2551A080: libcurl info message cache 1 (Closing connection 13)
[2017.08.26-05.01.32:286][824]Cmd: OBJ SAVEPACKAGE PACKAGE="/Game/bp_Sheep01" FILE="../../../../../../Users/Chris/Documents/dontbeasheep/Content/bp_Sheep01.uasset" SILENT=true
[2017.08.26-05.01.32:324][824]LogSavePackage: Save=32.88ms
[2017.08.26-05.01.32:324][824]LogSavePackage: Moving '../../../../../../Users/Chris/Documents/dontbeasheep/Saved/bp_Sheep01A1F65C7C4EF1C6D099DEE6B723EDE27F.tmp' to '../../../../../../Users/Chris/Documents/dontbeasheep/Content/bp_Sheep01.uasset'
[2017.08.26-05.01.32:329][824]LogSavePackage:Display: Finished SavePackage ../../../../../../Users/Chris/Documents/dontbeasheep/Content/bp_Sheep01.uasset
[2017.08.26-05.02.06:102][362]LogTemp: Repeting last play command: Selected Viewport
[2017.08.26-05.02.06:120][362]LogPlayLevel: PlayLevel: No blueprints needed recompiling
[2017.08.26-05.02.06:120][362]PIE: New page: PIE session: Untitled_1 (Aug 25, 2017, 3:02:06 PM)
[2017.08.26-05.02.06:120][362]LogPlayLevel: Creating play world package: /Temp/UEDPIE_0_Untitled_1
[2017.08.26-05.02.06:122][362]LogPlayLevel: PIE: StaticDuplicateObject took: (0.001734s)
[2017.08.26-05.02.06:123][362]LogAIModule: Creating AISystem for world Untitled_1
[2017.08.26-05.02.06:123][362]LogPlayLevel: PIE: World Init took: (0.001152s)
[2017.08.26-05.02.06:124][362]LogPlayLevel: PIE: Created PIE world by copying editor world from /Temp/Untitled_1.Untitled_1 to /Temp/UEDPIE_0_Untitled_1.Untitled_1 (0.003186s)
[2017.08.26-05.02.06:165][362]LogInit: XAudio2 using 'Speakers (Realtek High Definition Audio)' : 2 channels at 48 kHz using 32 bits per sample (channel mask 0x3)
[2017.08.26-05.02.06:175][362]LogInit: FAudioDevice initialized.
[2017.08.26-05.02.06:211][362]LogLoad: Game class is 'storyBook_gamemode_C'
[2017.08.26-05.02.06:212][362]LogWorld: Bringing World /Temp/UEDPIE_0_Untitled_1.Untitled_1 up for play (max tick rate 60) at 2017.08.25-22.02.06
[2017.08.26-05.02.06:213][362]LogWorld: Bringing up level for play took: 0.001121
[2017.08.26-05.02.06:214][362]PIE: Info Play in editor start time for /Temp/UEDPIE_0_Untitled_1 -0.776
[2017.08.26-05.02.12:135][705]LogTemp: Repeting last play command: Selected Viewport
[2017.08.26-05.02.12:155][705]LogPlayLevel: PlayLevel: No blueprints needed recompiling
[2017.08.26-05.02.12:155][705]PIE: New page: PIE session: Untitled_1 (Aug 25, 2017, 3:02:12 PM)
[2017.08.26-05.02.12:155][705]LogPlayLevel: Creating play world package: /Temp/UEDPIE_0_Untitled_1
[2017.08.26-05.02.12:158][705]LogPlayLevel: PIE: StaticDuplicateObject took: (0.003400s)
[2017.08.26-05.02.12:160][705]LogAIModule: Creating AISystem for world Untitled_1
[2017.08.26-05.02.12:160][705]LogPlayLevel: PIE: World Init took: (0.001327s)
[2017.08.26-05.02.12:160][705]LogPlayLevel: PIE: Created PIE world by copying editor world from /Temp/Untitled_1.Untitled_1 to /Temp/UEDPIE_0_Untitled_1.Untitled_1 (0.005129s)
[2017.08.26-05.02.12:216][705]LogInit: XAudio2 using 'Speakers (Realtek High Definition Audio)' : 2 channels at 48 kHz using 32 bits per sample (channel mask 0x3)
[2017.08.26-05.02.12:230][705]LogInit: FAudioDevice initialized.
[2017.08.26-05.02.12:265][705]LogLoad: Game class is 'storyBook_gamemode_C'
[2017.08.26-05.02.12:267][705]LogWorld: Bringing World /Temp/UEDPIE_0_Untitled_1.Untitled_1 up for play (max tick rate 60) at 2017.08.25-22.02.12
[2017.08.26-05.02.12:267][705]LogWorld: Bringing up level for play took: 0.001158
[2017.08.26-05.02.12:269][705]PIE: Info Play in editor start time for /Temp/UEDPIE_0_Untitled_1 -0.722
[2017.08.26-05.02.25:733][141]LogTemp:Display: Executing iPhonePackager certificates Engine -bundlename com.YourCompany.dontbeasheep

[2017.08.26-05.02.25:733][141]LogTemp:Display: CWD: C:\Program Files\Epic Games\UE_4.15\Engine\Binaries\DotNET\IOS

[2017.08.26-05.02.25:733][141]LogTemp:Display: Initial Dir: C:\Program Files\Epic Games\UE_4.15

[2017.08.26-05.02.25:733][141]LogTemp:Display: Env CWD: C:\Program Files\Epic Games\UE_4.15\Engine\Binaries\DotNET\IOS

[2017.08.26-05.02.25:733][141]LogTemp:Display: BranchPath = CHRIS_JUSTO/C/Program Files/Epic Games/UE_4.15/Engine/Binaries --- GameBranchPath = CHRIS_JUSTO/C/Program Files/Epic Games/UE_4.15/Engine/Binaries

[2017.08.26-05.02.25:733][141]LogTemp:Display: IPP ERROR: Application exception: System.IO.DirectoryNotFoundException: Could not find a part of the path 'C:\Users\Chris\AppData\Local\Apple Computer\MobileDevice\Provisioning Profiles'.

[2017.08.26-05.02.25:733][141]LogTemp:Display:    at System.IO.__Error.WinIOError(Int32 errorCode, String maybeFullPath)

[2017.08.26-05.02.25:733][141]LogTemp:Display:    at System.IO.FileSystemEnumerableIterator`1.CommonInit()

[2017.08.26-05.02.25:733][141]LogTemp:Display:    at System.IO.Directory.EnumerateFiles(String path, String searchPattern)

[2017.08.26-05.02.25:733][141]LogTemp:Display:    at iPhonePackager.CodeSignatureBuilder.FindProvisions(String CFBundleIdentifier)

[2017.08.26-05.02.25:733][141]LogTemp:Display:    at iPhonePackager.Program.Main(String[] args)

[2017.08.26-05.02.25:733][141]LogSlate: Only BGRA pngs, bmps or icos are supported in by External Image Picker
[2017.08.26-05.02.44:550][ 57]LogHttp:Warning: 000001DF863B3400: request failed, libcurl error: 6 (Couldn't resolve host name)
[2017.08.26-05.02.44:550][ 57]LogHttp:Warning: 000001DF863B3400: libcurl info message cache 0 (Could not resolve host: datarouter.ol.epicgames.com)
[2017.08.26-05.02.44:550][ 57]LogHttp:Warning: 000001DF863B3400: libcurl info message cache 1 (Closing connection 14)
[2017.08.26-05.04.44:497][ 72]LogHttp:Warning: 000001DF82F15900: request failed, libcurl error: 6 (Couldn't resolve host name)
[2017.08.26-05.04.44:497][ 72]LogHttp:Warning: 000001DF82F15900: libcurl info message cache 0 (Could not resolve host: datarouter.ol.epicgames.com)
[2017.08.26-05.04.44:497][ 72]LogHttp:Warning: 000001DF82F15900: libcurl info message cache 1 (Closing connection 15)
[2017.08.26-05.04.48:192][256]LogBlueprint:Warning: [bp_sheep011] 'MovementDisabled' variable not found. Base class was probably changed.
[2017.08.26-05.05.29:770][274]BlueprintLog: New page: Compile bp_sheep011
[2017.08.26-05.05.48:134][140]LogHttp:Warning: 000001DFA665E500: request failed, libcurl error: 6 (Couldn't resolve host name)
[2017.08.26-05.05.48:134][140]LogHttp:Warning: 000001DFA665E500: libcurl info message cache 0 (Could not resolve host: datarouter.ol.epicgames.com)
[2017.08.26-05.05.48:134][140]LogHttp:Warning: 000001DFA665E500: libcurl info message cache 1 (Closing connection 16)
[2017.08.26-05.06.34:084][923]BlueprintLog: New page: Compile bp_sheep011
[2017.08.26-05.06.36:663][  3]Cmd: OBJ SAVEPACKAGE PACKAGE="/Game/bp_sheep011" FILE="../../../../../../Users/Chris/Documents/dontbeasheep/Content/bp_sheep011.uasset" SILENT=true
[2017.08.26-05.06.36:711][  3]LogSavePackage: Save=45.22ms
[2017.08.26-05.06.36:712][  3]LogSavePackage: Moving '../../../../../../Users/Chris/Documents/dontbeasheep/Saved/bp_sheep011818ED71D4526ECBA5AF589981A6FD96F.tmp' to '../../../../../../Users/Chris/Documents/dontbeasheep/Content/bp_sheep011.uasset'
[2017.08.26-05.06.36:714][  3]LogSavePackage:Display: Finished SavePackage ../../../../../../Users/Chris/Documents/dontbeasheep/Content/bp_sheep011.uasset
[2017.08.26-05.06.40:219][185]LogSlate:Warning: Prevented a slow task dialog from being summoned while a context menu was open
[2017.08.26-05.06.57:420][995]BlueprintLog: New page: Compile storyBook_gamemode
[2017.08.26-05.07.01:835][181]LogTemp: Repeting last play command: Selected Viewport
[2017.08.26-05.07.01:862][181]LogPlayLevel: PlayLevel: No blueprints needed recompiling
[2017.08.26-05.07.01:863][181]PIE: New page: PIE session: Untitled_1 (Aug 25, 2017, 3:07:01 PM)
[2017.08.26-05.07.01:863][181]LogPlayLevel: Creating play world package: /Temp/UEDPIE_0_Untitled_1
[2017.08.26-05.07.01:867][181]LogPlayLevel: PIE: StaticDuplicateObject took: (0.003946s)
[2017.08.26-05.07.01:868][181]LogAIModule: Creating AISystem for world Untitled_1
[2017.08.26-05.07.01:869][181]LogPlayLevel: PIE: World Init took: (0.001792s)
[2017.08.26-05.07.01:869][181]LogPlayLevel: PIE: Created PIE world by copying editor world from /Temp/Untitled_1.Untitled_1 to /Temp/UEDPIE_0_Untitled_1.Untitled_1 (0.006281s)
[2017.08.26-05.07.01:937][181]LogInit: XAudio2 using 'Speakers (Realtek High Definition Audio)' : 2 channels at 48 kHz using 32 bits per sample (channel mask 0x3)
[2017.08.26-05.07.01:957][181]LogInit: FAudioDevice initialized.
[2017.08.26-05.07.01:992][181]LogLoad: Game class is 'storyBook_gamemode_C'
[2017.08.26-05.07.01:995][181]LogWorld: Bringing World /Temp/UEDPIE_0_Untitled_1.Untitled_1 up for play (max tick rate 60) at 2017.08.25-22.07.01
[2017.08.26-05.07.01:995][181]LogWorld: Bringing up level for play took: 0.001890
[2017.08.26-05.07.01:998][181]PIE: Info Play in editor start time for /Temp/UEDPIE_0_Untitled_1 1.007
[2017.08.26-05.07.12:680][793]LogTemp: Repeting last play command: Selected Viewport
[2017.08.26-05.07.12:698][793]LogPlayLevel: PlayLevel: No blueprints needed recompiling
[2017.08.26-05.07.12:698][793]PIE: New page: PIE session: Untitled_1 (Aug 25, 2017, 3:07:12 PM)
[2017.08.26-05.07.12:698][793]LogPlayLevel: Creating play world package: /Temp/UEDPIE_0_Untitled_1
[2017.08.26-05.07.12:700][793]LogPlayLevel: PIE: StaticDuplicateObject took: (0.001650s)
[2017.08.26-05.07.12:701][793]LogAIModule: Creating AISystem for world Untitled_1
[2017.08.26-05.07.12:701][793]LogPlayLevel: PIE: World Init took: (0.001018s)
[2017.08.26-05.07.12:701][793]LogPlayLevel: PIE: Created PIE world by copying editor world from /Temp/Untitled_1.Untitled_1 to /Temp/UEDPIE_0_Untitled_1.Untitled_1 (0.002959s)
[2017.08.26-05.07.12:736][793]LogInit: XAudio2 using 'Speakers (Realtek High Definition Audio)' : 2 channels at 48 kHz using 32 bits per sample (channel mask 0x3)
[2017.08.26-05.07.12:745][793]LogInit: FAudioDevice initialized.
[2017.08.26-05.07.12:776][793]LogLoad: Game class is 'storyBook_gamemode_C'
[2017.08.26-05.07.12:777][793]LogWorld: Bringing World /Temp/UEDPIE_0_Untitled_1.Untitled_1 up for play (max tick rate 60) at 2017.08.25-22.07.12
[2017.08.26-05.07.12:777][793]LogWorld: Bringing up level for play took: 0.001057
[2017.08.26-05.07.12:778][793]PIE: Info Play in editor start time for /Temp/UEDPIE_0_Untitled_1 -0.212
[2017.08.26-05.07.34:141][662]LogHttp:Warning: 000001DFA9F3D180: request failed, libcurl error: 6 (Couldn't resolve host name)
[2017.08.26-05.07.34:141][662]LogHttp:Warning: 000001DFA9F3D180: libcurl info message cache 0 (Could not resolve host: datarouter.ol.epicgames.com)
[2017.08.26-05.07.34:141][662]LogHttp:Warning: 000001DFA9F3D180: libcurl info message cache 1 (Closing connection 17)
[2017.08.26-05.07.49:598][235]BlueprintLog: New page: Compile bp_sheep011
[2017.08.26-05.07.50:715][248]Cmd: OBJ SAVEPACKAGE PACKAGE="/Game/bp_sheep011" FILE="../../../../../../Users/Chris/Documents/dontbeasheep/Content/bp_sheep011.uasset" SILENT=true
[2017.08.26-05.07.50:784][248]LogSavePackage: Save=54.61ms
[2017.08.26-05.07.50:784][248]LogSavePackage: Moving '../../../../../../Users/Chris/Documents/dontbeasheep/Saved/bp_sheep0112594346F4DFAFC5AA7B68980870FE41E.tmp' to '../../../../../../Users/Chris/Documents/dontbeasheep/Content/bp_sheep011.uasset'
[2017.08.26-05.07.50:789][248]LogSavePackage:Display: Finished SavePackage ../../../../../../Users/Chris/Documents/dontbeasheep/Content/bp_sheep011.uasset
[2017.08.26-05.07.54:332][381]BlueprintLog: New page: Compile bp_sheep011
[2017.08.26-05.07.56:550][470]LogTemp: Repeting last play command: Selected Viewport
[2017.08.26-05.07.56:573][470]LogPlayLevel: PlayLevel: No blueprints needed recompiling
[2017.08.26-05.07.56:573][470]PIE: New page: PIE session: Untitled_1 (Aug 25, 2017, 3:07:56 PM)
[2017.08.26-05.07.56:573][470]LogPlayLevel: Creating play world package: /Temp/UEDPIE_0_Untitled_1
[2017.08.26-05.07.56:576][470]LogPlayLevel: PIE: StaticDuplicateObject took: (0.003291s)
[2017.08.26-05.07.56:578][470]LogAIModule: Creating AISystem for world Untitled_1
[2017.08.26-05.07.56:578][470]LogPlayLevel: PIE: World Init took: (0.001338s)
[2017.08.26-05.07.56:578][470]LogPlayLevel: PIE: Created PIE world by copying editor world from /Temp/Untitled_1.Untitled_1 to /Temp/UEDPIE_0_Untitled_1.Untitled_1 (0.005038s)
[2017.08.26-05.07.56:627][470]LogInit: XAudio2 using 'Speakers (Realtek High Definition Audio)' : 2 channels at 48 kHz using 32 bits per sample (channel mask 0x3)
[2017.08.26-05.07.56:641][470]LogInit: FAudioDevice initialized.
[2017.08.26-05.07.56:675][470]LogLoad: Game class is 'storyBook_gamemode_C'
[2017.08.26-05.07.56:677][470]LogWorld: Bringing World /Temp/UEDPIE_0_Untitled_1.Untitled_1 up for play (max tick rate 60) at 2017.08.25-22.07.56
[2017.08.26-05.07.56:677][470]LogWorld: Bringing up level for play took: 0.001434
[2017.08.26-05.07.56:679][470]PIE: Info Play in editor start time for /Temp/UEDPIE_0_Untitled_1 -0.312
[2017.08.26-05.08.35:182][216]BlueprintLog: New page: Compile bp_sheep011
[2017.08.26-05.08.38:102][330]LogTemp: Repeting last play command: Selected Viewport
[2017.08.26-05.08.38:121][330]LogPlayLevel: PlayLevel: No blueprints needed recompiling
[2017.08.26-05.08.38:121][330]PIE: New page: PIE session: Untitled_1 (Aug 25, 2017, 3:08:38 PM)
[2017.08.26-05.08.38:121][330]LogPlayLevel: Creating play world package: /Temp/UEDPIE_0_Untitled_1
[2017.08.26-05.08.38:123][330]LogPlayLevel: PIE: StaticDuplicateObject took: (0.001913s)
[2017.08.26-05.08.38:123][330]LogAIModule: Creating AISystem for world Untitled_1
[2017.08.26-05.08.38:124][330]LogPlayLevel: PIE: World Init took: (0.000978s)
[2017.08.26-05.08.38:124][330]LogPlayLevel: PIE: Created PIE world by copying editor world from /Temp/Untitled_1.Untitled_1 to /Temp/UEDPIE_0_Untitled_1.Untitled_1 (0.003188s)
[2017.08.26-05.08.38:159][330]LogInit: XAudio2 using 'Speakers (Realtek High Definition Audio)' : 2 channels at 48 kHz using 32 bits per sample (channel mask 0x3)
[2017.08.26-05.08.38:169][330]LogInit: FAudioDevice initialized.
[2017.08.26-05.08.38:199][330]LogLoad: Game class is 'storyBook_gamemode_C'
[2017.08.26-05.08.38:200][330]LogWorld: Bringing World /Temp/UEDPIE_0_Untitled_1.Untitled_1 up for play (max tick rate 60) at 2017.08.25-22.08.38
[2017.08.26-05.08.38:200][330]LogWorld: Bringing up level for play took: 0.001272
[2017.08.26-05.08.38:202][330]PIE: Info Play in editor start time for /Temp/UEDPIE_0_Untitled_1 -0.789
[2017.08.26-05.08.44:495][666]LogHttp:Warning: 000001DF50C05A80: request failed, libcurl error: 6 (Couldn't resolve host name)
[2017.08.26-05.08.44:495][666]LogHttp:Warning: 000001DF50C05A80: libcurl info message cache 0 (Could not resolve host: datarouter.ol.epicgames.com)
[2017.08.26-05.08.44:495][666]LogHttp:Warning: 000001DF50C05A80: libcurl info message cache 1 (Closing connection 18)
[2017.08.26-05.08.44:670][676]LogTemp: Repeting last play command: Selected Viewport
[2017.08.26-05.08.44:689][676]LogPlayLevel: PlayLevel: No blueprints needed recompiling
[2017.08.26-05.08.44:689][676]PIE: New page: PIE session: Untitled_1 (Aug 25, 2017, 3:08:44 PM)
[2017.08.26-05.08.44:689][676]LogPlayLevel: Creating play world package: /Temp/UEDPIE_0_Untitled_1
[2017.08.26-05.08.44:691][676]LogPlayLevel: PIE: StaticDuplicateObject took: (0.002064s)
[2017.08.26-05.08.44:692][676]LogAIModule: Creating AISystem for world Untitled_1
[2017.08.26-05.08.44:692][676]LogPlayLevel: PIE: World Init took: (0.000923s)
[2017.08.26-05.08.44:692][676]LogPlayLevel: PIE: Created PIE world by copying editor world from /Temp/Untitled_1.Untitled_1 to /Temp/UEDPIE_0_Untitled_1.Untitled_1 (0.003306s)
[2017.08.26-05.08.44:733][676]LogInit: XAudio2 using 'Speakers (Realtek High Definition Audio)' : 2 channels at 48 kHz using 32 bits per sample (channel mask 0x3)
[2017.08.26-05.08.44:742][676]LogInit: FAudioDevice initialized.
[2017.08.26-05.08.44:775][676]LogLoad: Game class is 'storyBook_gamemode_C'
[2017.08.26-05.08.44:776][676]LogWorld: Bringing World /Temp/UEDPIE_0_Untitled_1.Untitled_1 up for play (max tick rate 60) at 2017.08.25-22.08.44
[2017.08.26-05.08.44:776][676]LogWorld: Bringing up level for play took: 0.000963
[2017.08.26-05.08.44:778][676]PIE: Info Play in editor start time for /Temp/UEDPIE_0_Untitled_1 -0.213
[2017.08.26-05.08.57:065][192]BlueprintLog: New page: Compile bp_sheep011
[2017.08.26-05.08.59:513][289]LogTemp: Repeting last play command: Selected Viewport
[2017.08.26-05.08.59:531][289]LogPlayLevel: PlayLevel: No blueprints needed recompiling
[2017.08.26-05.08.59:531][289]PIE: New page: PIE session: Untitled_1 (Aug 25, 2017, 3:08:59 PM)
[2017.08.26-05.08.59:531][289]LogPlayLevel: Creating play world package: /Temp/UEDPIE_0_Untitled_1
[2017.08.26-05.08.59:533][289]LogPlayLevel: PIE: StaticDuplicateObject took: (0.001630s)
[2017.08.26-05.08.59:534][289]LogAIModule: Creating AISystem for world Untitled_1
[2017.08.26-05.08.59:534][289]LogPlayLevel: PIE: World Init took: (0.001224s)
[2017.08.26-05.08.59:535][289]LogPlayLevel: PIE: Created PIE world by copying editor world from /Temp/Untitled_1.Untitled_1 to /Temp/UEDPIE_0_Untitled_1.Untitled_1 (0.003147s)
[2017.08.26-05.08.59:569][289]LogInit: XAudio2 using 'Speakers (Realtek High Definition Audio)' : 2 channels at 48 kHz using 32 bits per sample (channel mask 0x3)
[2017.08.26-05.08.59:578][289]LogInit: FAudioDevice initialized.
[2017.08.26-05.08.59:613][289]LogLoad: Game class is 'storyBook_gamemode_C'
[2017.08.26-05.08.59:615][289]LogWorld: Bringing World /Temp/UEDPIE_0_Untitled_1.Untitled_1 up for play (max tick rate 60) at 2017.08.25-22.08.59
[2017.08.26-05.08.59:615][289]LogWorld: Bringing up level for play took: 0.001223
[2017.08.26-05.08.59:616][289]PIE: Info Play in editor start time for /Temp/UEDPIE_0_Untitled_1 0.626
[2017.08.26-05.09.09:019][736]BlueprintLog: New page: Compile bp_sheep011
[2017.08.26-05.09.11:956][832]LogTemp: Repeting last play command: Selected Viewport
[2017.08.26-05.09.11:987][832]LogPlayLevel: PlayLevel: No blueprints needed recompiling
[2017.08.26-05.09.11:987][832]PIE: New page: PIE session: Untitled_1 (Aug 25, 2017, 3:09:11 PM)
[2017.08.26-05.09.11:987][832]LogPlayLevel: Creating play world package: /Temp/UEDPIE_0_Untitled_1
[2017.08.26-05.09.11:991][832]LogPlayLevel: PIE: StaticDuplicateObject took: (0.003037s)
[2017.08.26-05.09.11:992][832]LogAIModule: Creating AISystem for world Untitled_1
[2017.08.26-05.09.11:992][832]LogPlayLevel: PIE: World Init took: (0.001522s)
[2017.08.26-05.09.11:992][832]LogPlayLevel: PIE: Created PIE world by copying editor world from /Temp/Untitled_1.Untitled_1 to /Temp/UEDPIE_0_Untitled_1.Untitled_1 (0.005006s)
[2017.08.26-05.09.12:057][832]LogInit: XAudio2 using 'Speakers (Realtek High Definition Audio)' : 2 channels at 48 kHz using 32 bits per sample (channel mask 0x3)
[2017.08.26-05.09.12:077][832]LogInit: FAudioDevice initialized.
[2017.08.26-05.09.12:116][832]LogLoad: Game class is 'storyBook_gamemode_C'
[2017.08.26-05.09.12:118][832]LogWorld: Bringing World /Temp/UEDPIE_0_Untitled_1.Untitled_1 up for play (max tick rate 60) at 2017.08.25-22.09.12
[2017.08.26-05.09.12:118][832]LogWorld: Bringing up level for play took: 0.001700
[2017.08.26-05.09.12:121][832]PIE: Info Play in editor start time for /Temp/UEDPIE_0_Untitled_1 1.13
[2017.08.26-05.09.43:215][358]BlueprintLog: New page: Compile bp_sheep011
[2017.08.26-05.09.44:731][405]LogHttp:Warning: 000001DF8D827700: request failed, libcurl error: 6 (Couldn't resolve host name)
[2017.08.26-05.09.44:731][405]LogHttp:Warning: 000001DF8D827700: libcurl info message cache 0 (Could not resolve host: datarouter.ol.epicgames.com)
[2017.08.26-05.09.44:731][405]LogHttp:Warning: 000001DF8D827700: libcurl info message cache 1 (Closing connection 19)
[2017.08.26-05.09.45:618][456]LogTemp: Repeting last play command: Selected Viewport
[2017.08.26-05.09.45:638][456]LogPlayLevel: PlayLevel: No blueprints needed recompiling
[2017.08.26-05.09.45:638][456]PIE: New page: PIE session: Untitled_1 (Aug 25, 2017, 3:09:45 PM)
[2017.08.26-05.09.45:638][456]LogPlayLevel: Creating play world package: /Temp/UEDPIE_0_Untitled_1
[2017.08.26-05.09.45:640][456]LogPlayLevel: PIE: StaticDuplicateObject took: (0.001847s)
[2017.08.26-05.09.45:641][456]LogAIModule: Creating AISystem for world Untitled_1
[2017.08.26-05.09.45:641][456]LogPlayLevel: PIE: World Init took: (0.001100s)
[2017.08.26-05.09.45:641][456]LogPlayLevel: PIE: Created PIE world by copying editor world from /Temp/Untitled_1.Untitled_1 to /Temp/UEDPIE_0_Untitled_1.Untitled_1 (0.003387s)
[2017.08.26-05.09.45:676][456]LogInit: XAudio2 using 'Speakers (Realtek High Definition Audio)' : 2 channels at 48 kHz using 32 bits per sample (channel mask 0x3)
[2017.08.26-05.09.45:686][456]LogInit: FAudioDevice initialized.
[2017.08.26-05.09.45:719][456]LogLoad: Game class is 'storyBook_gamemode_C'
[2017.08.26-05.09.45:720][456]LogWorld: Bringing World /Temp/UEDPIE_0_Untitled_1.Untitled_1 up for play (max tick rate 60) at 2017.08.25-22.09.45
[2017.08.26-05.09.45:720][456]LogWorld: Bringing up level for play took: 0.001086
[2017.08.26-05.09.45:722][456]PIE: Info Play in editor start time for /Temp/UEDPIE_0_Untitled_1 0.731
[2017.08.26-05.09.58:921][975]BlueprintLog: New page: Compile bp_sheep011
[2017.08.26-05.10.01:149][ 49]LogTemp: Repeting last play command: Selected Viewport
[2017.08.26-05.10.01:175][ 49]LogPlayLevel: PlayLevel: No blueprints needed recompiling
[2017.08.26-05.10.01:175][ 49]PIE: New page: PIE session: Untitled_1 (Aug 25, 2017, 3:10:01 PM)
[2017.08.26-05.10.01:175][ 49]LogPlayLevel: Creating play world package: /Temp/UEDPIE_0_Untitled_1
[2017.08.26-05.10.01:179][ 49]LogPlayLevel: PIE: StaticDuplicateObject took: (0.003323s)
[2017.08.26-05.10.01:180][ 49]LogAIModule: Creating AISystem for world Untitled_1
[2017.08.26-05.10.01:180][ 49]LogPlayLevel: PIE: World Init took: (0.001266s)
[2017.08.26-05.10.01:180][ 49]LogPlayLevel: PIE: Created PIE world by copying editor world from /Temp/Untitled_1.Untitled_1 to /Temp/UEDPIE_0_Untitled_1.Untitled_1 (0.004973s)
[2017.08.26-05.10.01:232][ 49]LogInit: XAudio2 using 'Speakers (Realtek High Definition Audio)' : 2 channels at 48 kHz using 32 bits per sample (channel mask 0x3)
[2017.08.26-05.10.01:247][ 49]LogInit: FAudioDevice initialized.
[2017.08.26-05.10.01:287][ 49]LogLoad: Game class is 'storyBook_gamemode_C'
[2017.08.26-05.10.01:289][ 49]LogWorld: Bringing World /Temp/UEDPIE_0_Untitled_1.Untitled_1 up for play (max tick rate 60) at 2017.08.25-22.10.01
[2017.08.26-05.10.01:289][ 49]LogWorld: Bringing up level for play took: 0.001565
[2017.08.26-05.10.01:291][ 49]PIE: Info Play in editor start time for /Temp/UEDPIE_0_Untitled_1 0.3
[2017.08.26-05.10.45:646][689]LogHttp:Warning: 000001DF8D827D00: request failed, libcurl error: 6 (Couldn't resolve host name)
[2017.08.26-05.10.45:646][689]LogHttp:Warning: 000001DF8D827D00: libcurl info message cache 0 (Could not resolve host: datarouter.ol.epicgames.com)
[2017.08.26-05.10.45:646][689]LogHttp:Warning: 000001DF8D827D00: libcurl info message cache 1 (Closing connection 20)
[2017.08.26-05.10.58:801][471]LogFileHelpers: Editor autosave (incl. sublevels) for '/Temp/Untitled_1' took 0.051
[2017.08.26-05.10.58:803][471]OBJ SavePackage: Generating thumbnails for [0] asset(s) in package [/Game/storyBook_gamemode] ([1] browsable assets)...
[2017.08.26-05.10.58:803][471]OBJ SavePackage: Finished generating thumbnails for package [/Game/storyBook_gamemode]
[2017.08.26-05.10.58:803][471]Cmd: OBJ SAVEPACKAGE PACKAGE="/Game/storyBook_gamemode" FILE="../../../../../../Users/Chris/Documents/dontbeasheep/Saved/Autosaves/Game/storyBook_gamemode_Auto2.uasset" SILENT=false AUTOSAVING=true
[2017.08.26-05.10.58:874][471]LogSavePackage: Save=17.57ms
[2017.08.26-05.10.58:874][471]LogSavePackage: Moving '../../../../../../Users/Chris/Documents/dontbeasheep/Saved/storyBook_gamemode_Auto23E87C7D84386B36CB98AC0B370316194.tmp' to '../../../../../../Users/Chris/Documents/dontbeasheep/Saved/Autosaves/Game/storyBook_gamemode_Auto2.uasset'
[2017.08.26-05.10.58:877][471]LogSavePackage:Display: Finished SavePackage ../../../../../../Users/Chris/Documents/dontbeasheep/Saved/Autosaves/Game/storyBook_gamemode_Auto2.uasset
[2017.08.26-05.10.58:878][471]OBJ SavePackage: Generating thumbnails for [1] asset(s) in package [/Game/bp_sheep011] ([1] browsable assets)...
[2017.08.26-05.10.58:998][471]OBJ SavePackage:     Rendered thumbnail for [Blueprint /Game/bp_sheep011.bp_sheep011]
[2017.08.26-05.10.58:998][471]OBJ SavePackage: Finished generating thumbnails for package [/Game/bp_sheep011]
[2017.08.26-05.10.58:998][471]Cmd: OBJ SAVEPACKAGE PACKAGE="/Game/bp_sheep011" FILE="../../../../../../Users/Chris/Documents/dontbeasheep/Saved/Autosaves/Game/bp_sheep011_Auto2.uasset" SILENT=false AUTOSAVING=true
[2017.08.26-05.10.59:058][471]LogSavePackage: Save=56.40ms
[2017.08.26-05.10.59:058][471]LogSavePackage: Moving '../../../../../../Users/Chris/Documents/dontbeasheep/Saved/bp_sheep011_Auto285D66FEF4618DF350DDD019A22630140.tmp' to '../../../../../../Users/Chris/Documents/dontbeasheep/Saved/Autosaves/Game/bp_sheep011_Auto2.uasset'
[2017.08.26-05.10.59:060][471]LogSavePackage:Display: Finished SavePackage ../../../../../../Users/Chris/Documents/dontbeasheep/Saved/Autosaves/Game/bp_sheep011_Auto2.uasset
[2017.08.26-05.10.59:060][471]LogFileHelpers: Auto-saving content packages took 0.259
[2017.08.26-05.12.44:476][783]LogHttp:Warning: 000001DF8D826380: request failed, libcurl error: 6 (Couldn't resolve host name)
[2017.08.26-05.12.44:476][783]LogHttp:Warning: 000001DF8D826380: libcurl info message cache 0 (Could not resolve host: datarouter.ol.epicgames.com)
[2017.08.26-05.12.44:476][783]LogHttp:Warning: 000001DF8D826380: libcurl info message cache 1 (Closing connection 21)
[2017.08.26-05.13.44:482][383]LogHttp:Warning: 000001DF8D827D00: request failed, libcurl error: 6 (Couldn't resolve host name)
[2017.08.26-05.13.44:482][383]LogHttp:Warning: 000001DF8D827D00: libcurl info message cache 0 (Could not resolve host: datarouter.ol.epicgames.com)
[2017.08.26-05.13.44:482][383]LogHttp:Warning: 000001DF8D827D00: libcurl info message cache 1 (Closing connection 22)
[2017.08.26-05.15.44:497][578]LogHttp:Warning: 000001DF8D825180: request failed, libcurl error: 6 (Couldn't resolve host name)
[2017.08.26-05.15.44:498][578]LogHttp:Warning: 000001DF8D825180: libcurl info message cache 0 (Could not resolve host: datarouter.ol.epicgames.com)
[2017.08.26-05.15.44:498][578]LogHttp:Warning: 000001DF8D825180: libcurl info message cache 1 (Closing connection 23)
[2017.08.26-05.17.44:499][778]LogHttp:Warning: 000001DF8D826B00: request failed, libcurl error: 6 (Couldn't resolve host name)
[2017.08.26-05.17.44:499][778]LogHttp:Warning: 000001DF8D826B00: libcurl info message cache 0 (Could not resolve host: datarouter.ol.epicgames.com)
[2017.08.26-05.17.44:499][778]LogHttp:Warning: 000001DF8D826B00: libcurl info message cache 1 (Closing connection 24)
[2017.08.26-05.18.44:483][377]LogHttp:Warning: 000001DF8D825F00: request failed, libcurl error: 6 (Couldn't resolve host name)
[2017.08.26-05.18.44:483][377]LogHttp:Warning: 000001DF8D825F00: libcurl info message cache 0 (Could not resolve host: datarouter.ol.epicgames.com)
[2017.08.26-05.18.44:483][377]LogHttp:Warning: 000001DF8D825F00: libcurl info message cache 1 (Closing connection 25)
[2017.08.26-05.19.44:486][977]LogHttp:Warning: 000001DF8D825F00: request failed, libcurl error: 6 (Couldn't resolve host name)
[2017.08.26-05.19.44:486][977]LogHttp:Warning: 000001DF8D825F00: libcurl info message cache 0 (Could not resolve host: datarouter.ol.epicgames.com)
[2017.08.26-05.19.44:486][977]LogHttp:Warning: 000001DF8D825F00: libcurl info message cache 1 (Closing connection 26)
[2017.08.26-05.20.44:470][576]LogHttp:Warning: 000001DF8D825480: request failed, libcurl error: 6 (Couldn't resolve host name)
[2017.08.26-05.20.44:471][576]LogHttp:Warning: 000001DF8D825480: libcurl info message cache 0 (Could not resolve host: datarouter.ol.epicgames.com)
[2017.08.26-05.20.44:471][576]LogHttp:Warning: 000001DF8D825480: libcurl info message cache 1 (Closing connection 27)
[2017.08.26-05.21.44:497][177]LogHttp:Warning: 000001DF8D826200: request failed, libcurl error: 6 (Couldn't resolve host name)
[2017.08.26-05.21.44:498][177]LogHttp:Warning: 000001DF8D826200: libcurl info message cache 0 (Could not resolve host: datarouter.ol.epicgames.com)
[2017.08.26-05.21.44:498][177]LogHttp:Warning: 000001DF8D826200: libcurl info message cache 1 (Closing connection 28)
[2017.08.26-05.22.51:498][195]LogEditorViewport: Clicking on Actor (LMB): StaticMeshActor (Floor)
[2017.08.26-05.22.55:823][449]Cmd: TRANSACTION UNDO
[2017.08.26-05.22.55:823][449]LogEditorTransaction: Undo Scale Actors
[2017.08.26-05.23.09:610][193]LogTemp: Repeting last play command: Selected Viewport
[2017.08.26-05.23.09:645][193]LogPlayLevel: PlayLevel: No blueprints needed recompiling
[2017.08.26-05.23.09:645][193]PIE: New page: PIE session: Untitled_1 (Aug 25, 2017, 3:23:09 PM)
[2017.08.26-05.23.09:646][193]LogPlayLevel: Creating play world package: /Temp/UEDPIE_0_Untitled_1
[2017.08.26-05.23.09:650][193]LogPlayLevel: PIE: StaticDuplicateObject took: (0.004629s)
[2017.08.26-05.23.09:652][193]LogAIModule: Creating AISystem for world Untitled_1
[2017.08.26-05.23.09:653][193]LogPlayLevel: PIE: World Init took: (0.002219s)
[2017.08.26-05.23.09:653][193]LogPlayLevel: PIE: Created PIE world by copying editor world from /Temp/Untitled_1.Untitled_1 to /Temp/UEDPIE_0_Untitled_1.Untitled_1 (0.007498s)
[2017.08.26-05.23.09:746][193]LogInit: XAudio2 using 'Speakers (Realtek High Definition Audio)' : 2 channels at 48 kHz using 32 bits per sample (channel mask 0x3)
[2017.08.26-05.23.09:764][193]LogInit: FAudioDevice initialized.
[2017.08.26-05.23.09:800][193]LogLoad: Game class is 'storyBook_gamemode_C'
[2017.08.26-05.23.09:803][193]LogWorld: Bringing World /Temp/UEDPIE_0_Untitled_1.Untitled_1 up for play (max tick rate 60) at 2017.08.25-22.23.09
[2017.08.26-05.23.09:803][193]LogWorld: Bringing up level for play took: 0.002144
[2017.08.26-05.23.09:806][193]PIE: Info Play in editor start time for /Temp/UEDPIE_0_Untitled_1 0.815
[2017.08.26-05.23.19:102][693]LogEditorViewport: Clicking on Actor (LMB): StaticMeshActor (Floor)
[2017.08.26-05.23.33:813][502]LogActorFactory: Actor Factory created Plane
[2017.08.26-05.23.35:620][609]LogActorFactory: Actor Factory created Plane
[2017.08.26-05.23.44:464][113]LogHttp:Warning: 000001DF72707280: request failed, libcurl error: 6 (Couldn't resolve host name)
[2017.08.26-05.23.44:464][113]LogHttp:Warning: 000001DF72707280: libcurl info message cache 0 (Could not resolve host: datarouter.ol.epicgames.com)
[2017.08.26-05.23.44:464][113]LogHttp:Warning: 000001DF72707280: libcurl info message cache 1 (Closing connection 29)
[2017.08.26-05.23.58:712][947]LogEditorViewport: Clicking on Actor (LMB): StaticMeshActor (Floor)
[2017.08.26-05.24.00:577][ 42]LogEditorViewport: Clicking on Actor (LMB): StaticMeshActor (Floor)
[2017.08.26-05.24.01:346][ 80]LogEditorViewport: Clicking on Actor (LMB): StaticMeshActor (Floor)
[2017.08.26-05.24.06:303][373]LogEditorViewport: Clicking on Actor (LMB): StaticMeshActor (Plane)
[2017.08.26-05.24.35:769][975]LogEditorViewport: Clicking on Actor (LMB): StaticMeshActor (Floor)
[2017.08.26-05.24.42:448][359]LogActorFactory: Actor Factory created Cube
[2017.08.26-05.24.44:484][481]LogHttp:Warning: 000001DF73245180: request failed, libcurl error: 6 (Couldn't resolve host name)
[2017.08.26-05.24.44:484][481]LogHttp:Warning: 000001DF73245180: libcurl info message cache 0 (Could not resolve host: datarouter.ol.epicgames.com)
[2017.08.26-05.24.44:484][481]LogHttp:Warning: 000001DF73245180: libcurl info message cache 1 (Closing connection 30)
[2017.08.26-05.24.44:921][506]LogActorFactory: Actor Factory created Cube
[2017.08.26-05.24.58:175][257]LogEditorViewport: Clicking on Actor (LMB): StaticMeshActor (Plane)
[2017.08.26-05.25.37:351][522]LogEditorViewport: Clicking on Actor (LMB): StaticMeshActor (Floor)
[2017.08.26-05.25.44:757][953]LogEditorViewport: Clicking on Actor (LMB): StaticMeshActor (Cube)
[2017.08.26-05.25.50:758][293]LogEditorViewport: Clicking on Actor (LMB): BP_Sky_Sphere_C (Sky Sphere)
[2017.08.26-05.25.52:102][362]LogEditorViewport: Clicking on Actor (LMB): StaticMeshActor (Cube)
[2017.08.26-05.26.44:494][917]LogHttp:Warning: 000001DF8998D300: request failed, libcurl error: 6 (Couldn't resolve host name)
[2017.08.26-05.26.44:494][917]LogHttp:Warning: 000001DF8998D300: libcurl info message cache 0 (Could not resolve host: datarouter.ol.epicgames.com)
[2017.08.26-05.26.44:494][917]LogHttp:Warning: 000001DF8998D300: libcurl info message cache 1 (Closing connection 31)
[2017.08.26-05.26.56:928][378]Cmd: OBJ SAVEPACKAGE PACKAGE="/Temp/Untitled_1" FILE="../../../../../../Users/Chris/Documents/dontbeasheep/Saved/Autosaves/Temp/Untitled_1_Auto3.umap" SILENT=true AUTOSAVING=true KEEPDIRTY=false
[2017.08.26-05.26.56:969][378]LogSavePackage: Save=39.98ms
[2017.08.26-05.26.56:969][378]LogSavePackage: Moving '../../../../../../Users/Chris/Documents/dontbeasheep/Saved/Untitled_1_Auto3B71A8553444F880A8548169CECF5F0FD.tmp' to '../../../../../../Users/Chris/Documents/dontbeasheep/Saved/Autosaves/Temp/Untitled_1_Auto3.umap'
[2017.08.26-05.26.56:970][378]LogSavePackage:Display: Finished SavePackage ../../../../../../Users/Chris/Documents/dontbeasheep/Saved/Autosaves/Temp/Untitled_1_Auto3.umap
[2017.08.26-05.26.56:974][378]LogFileHelpers: Editor autosave (incl. sublevels) for '/Temp/Untitled_1' took 0.086
[2017.08.26-05.26.56:974][378]LogFileHelpers: Editor autosave (incl. sublevels) for all levels took 0.086
[2017.08.26-05.26.56:977][378]OBJ SavePackage: Generating thumbnails for [1] asset(s) in package [/Game/tree_For_Cutting01] ([1] browsable assets)...
[2017.08.26-05.26.57:062][378]OBJ SavePackage:     Rendered thumbnail for [Blueprint /Game/tree_For_Cutting01.tree_For_Cutting01]
[2017.08.26-05.26.57:062][378]OBJ SavePackage: Finished generating thumbnails for package [/Game/tree_For_Cutting01]
[2017.08.26-05.26.57:062][378]Cmd: OBJ SAVEPACKAGE PACKAGE="/Game/tree_For_Cutting01" FILE="../../../../../../Users/Chris/Documents/dontbeasheep/Saved/Autosaves/Game/tree_For_Cutting01_Auto3.uasset" SILENT=false AUTOSAVING=true
[2017.08.26-05.26.57:105][378]LogSavePackage: Save=39.51ms
[2017.08.26-05.26.57:105][378]LogSavePackage: Moving '../../../../../../Users/Chris/Documents/dontbeasheep/Saved/tree_For_Cutting01_Auto3B0F2F95A420970F89DB2B4B4528E89E1.tmp' to '../../../../../../Users/Chris/Documents/dontbeasheep/Saved/Autosaves/Game/tree_For_Cutting01_Auto3.uasset'
[2017.08.26-05.26.57:116][378]LogSavePackage:Display: Finished SavePackage ../../../../../../Users/Chris/Documents/dontbeasheep/Saved/Autosaves/Game/tree_For_Cutting01_Auto3.uasset
[2017.08.26-05.26.57:116][378]LogFileHelpers: Auto-saving content packages took 0.140
[2017.08.26-05.27.15:039][203]LogEditorViewport: Clicking on Actor (LMB): StaticMeshActor (Floor)
[2017.08.26-05.27.16:105][257]LogEditorViewport: Clicking on Actor (LMB): tree_For_Cutting01_C (tree_For_Cutting01)
[2017.08.26-05.27.34:297][307]Cmd: BRUSH ADD SELECTNEWBRUSH
[2017.08.26-05.27.44:496][822]LogHttp:Warning: 000001DF87305180: request failed, libcurl error: 6 (Couldn't resolve host name)
[2017.08.26-05.27.44:496][822]LogHttp:Warning: 000001DF87305180: libcurl info message cache 0 (Could not resolve host: datarouter.ol.epicgames.com)
[2017.08.26-05.27.44:496][822]LogHttp:Warning: 000001DF87305180: libcurl info message cache 1 (Closing connection 32)
[2017.08.26-05.27.57:432][586]Cmd: EDIT COPY
[2017.08.26-05.27.58:556][631]Cmd: EDIT PASTE
[2017.08.26-05.28.08:423][177]Cmd: EDIT COPY
[2017.08.26-05.28.09:191][223]Cmd: EDIT PASTE
[2017.08.26-05.29.26:987][748]LogEditorViewport: Clicking on Actor (LMB): tree_For_Cutting01_C (tree_For_Cutting01)
[2017.08.26-05.29.44:593][754]LogHttp:Warning: 000001DF72086980: request failed, libcurl error: 6 (Couldn't resolve host name)
[2017.08.26-05.29.44:593][754]LogHttp:Warning: 000001DF72086980: libcurl info message cache 0 (Could not resolve host: datarouter.ol.epicgames.com)
[2017.08.26-05.29.44:593][754]LogHttp:Warning: 000001DF72086980: libcurl info message cache 1 (Closing connection 33)
[2017.08.26-05.30.04:803][782]LogEditorViewport: Clicking on Actor (LMB): tree_For_Cutting01_C (tree_For_Cutting01)
[2017.08.26-05.30.06:213][863]LogEditorViewport: Clicking on Actor (LMB): TriggerVolume (TriggerVolume)
[2017.08.26-05.31.21:084][446]Cmd: OBJ SAVEPACKAGE PACKAGE="/Game/DontbeaSheep" FILE="../../../../../../Users/Chris/Documents/dontbeasheep/Content/DontbeaSheep.umap" SILENT=true AUTOSAVING=false KEEPDIRTY=false
[2017.08.26-05.31.21:186][446]LogSavePackage: Save=56.86ms
[2017.08.26-05.31.21:186][446]LogSavePackage: Moving '../../../../../../Users/Chris/Documents/dontbeasheep/Saved/DontbeaSheep9931B87E479B6460D56B9CADCF712AC0.tmp' to '../../../../../../Users/Chris/Documents/dontbeasheep/Content/DontbeaSheep.umap'
[2017.08.26-05.31.21:193][446]LogSavePackage:Display: Finished SavePackage ../../../../../../Users/Chris/Documents/dontbeasheep/Content/DontbeaSheep.umap
[2017.08.26-05.31.21:238][446]LogFileHelpers: Saving map 'DontbeaSheep' took 1.179
[2017.08.26-05.31.21:243][446]Cmd: OBJ SAVEPACKAGE PACKAGE="/Game/storyBook_gamemode" FILE="../../../../../../Users/Chris/Documents/dontbeasheep/Content/storyBook_gamemode.uasset" SILENT=true
[2017.08.26-05.31.21:267][446]LogSavePackage: Save=12.41ms
[2017.08.26-05.31.21:267][446]LogSavePackage: Moving '../../../../../../Users/Chris/Documents/dontbeasheep/Saved/storyBook_gamemode5B5EF76A42F303CE612AAA9E5F29ECD3.tmp' to '../../../../../../Users/Chris/Documents/dontbeasheep/Content/storyBook_gamemode.uasset'
[2017.08.26-05.31.21:274][446]LogSavePackage:Display: Finished SavePackage ../../../../../../Users/Chris/Documents/dontbeasheep/Content/storyBook_gamemode.uasset
[2017.08.26-05.31.21:279][446]Cmd: OBJ SAVEPACKAGE PACKAGE="/Game/bp_sheep011" FILE="../../../../../../Users/Chris/Documents/dontbeasheep/Content/bp_sheep011.uasset" SILENT=true
[2017.08.26-05.31.21:318][446]LogSavePackage: Save=30.69ms
[2017.08.26-05.31.21:318][446]LogSavePackage: Moving '../../../../../../Users/Chris/Documents/dontbeasheep/Saved/bp_sheep011B27CCCE447046C871C30638629587540.tmp' to '../../../../../../Users/Chris/Documents/dontbeasheep/Content/bp_sheep011.uasset'
[2017.08.26-05.31.21:324][446]LogSavePackage:Display: Finished SavePackage ../../../../../../Users/Chris/Documents/dontbeasheep/Content/bp_sheep011.uasset
[2017.08.26-05.31.21:412][446]Cmd: OBJ SAVEPACKAGE PACKAGE="/Game/tree_For_Cutting01" FILE="../../../../../../Users/Chris/Documents/dontbeasheep/Content/tree_For_Cutting01.uasset" SILENT=true
[2017.08.26-05.31.21:437][446]LogSavePackage: Save=22.90ms
[2017.08.26-05.31.21:437][446]LogSavePackage: Moving '../../../../../../Users/Chris/Documents/dontbeasheep/Saved/tree_For_Cutting0104D60AB64FF37CB6D9734EA90506C501.tmp' to '../../../../../../Users/Chris/Documents/dontbeasheep/Content/tree_For_Cutting01.uasset'
[2017.08.26-05.31.21:441][446]LogSavePackage:Display: Finished SavePackage ../../../../../../Users/Chris/Documents/dontbeasheep/Content/tree_For_Cutting01.uasset
[2017.08.26-05.31.44:480][803]LogHttp:Warning: 000001DF3C48D480: request failed, libcurl error: 6 (Couldn't resolve host name)
[2017.08.26-05.31.44:480][803]LogHttp:Warning: 000001DF3C48D480: libcurl info message cache 0 (Could not resolve host: datarouter.ol.epicgames.com)
[2017.08.26-05.31.44:480][803]LogHttp:Warning: 000001DF3C48D480: libcurl info message cache 1 (Closing connection 34)
[2017.08.26-05.33.44:673][312]LogHttp:Warning: 000001DF3C48CD00: request failed, libcurl error: 6 (Couldn't resolve host name)
[2017.08.26-05.33.44:673][312]LogHttp:Warning: 000001DF3C48CD00: libcurl info message cache 0 (Could not resolve host: datarouter.ol.epicgames.com)
[2017.08.26-05.33.44:673][312]LogHttp:Warning: 000001DF3C48CD00: libcurl info message cache 1 (Closing connection 35)
