Log file open, 08/25/17 22:38:08
LogInit:Display: Running engine for game: dontbeasheep
LogPlatformFile: Not using cached read wrapper
LogInit:Display: RandInit(1000112389) SRandInit(1000112389).
LogTaskGraph: Started task graph with 5 named threads and 8 total threads with 1 sets of task threads.
LogStats: Stats thread started at 0.088512
LogInit: Using libcurl 7.47.1
LogInit:  - built for x86_64-pc-win32
LogInit:  - supports SSL with OpenSSL/1.0.2g
LogInit:  - supports HTTP deflate (compression) using libz 1.2.8
LogInit:  - other features:
LogInit:      CURL_VERSION_SSL
LogInit:      CURL_VERSION_LIBZ
LogInit:      CURL_VERSION_IPV6
LogInit:      CURL_VERSION_ASYNCHDNS
LogInit:      CURL_VERSION_LARGEFILE
LogInit:      CURL_VERSION_IDN
LogInit:  CurlRequestOptions (configurable via config and command line):
LogInit:  - bVerifyPeer = false  - Libcurl will NOT verify peer certificate
LogInit:  - bUseHttpProxy = false  - Libcurl will NOT use HTTP proxy
LogInit:  - bDontReuseConnections = false  - Libcurl will reuse connections
LogInit:  - CertBundlePath = nullptr  - Libcurl will use whatever was configured at build time.
LogInit: Build: ++UE4+Release-4.15-CL-3450819
LogInit: Engine Version: 4.15.3-3450819+++UE4+Release-4.15
LogInit: Compatible Engine Version: 4.15.0-3299760+++UE4+Release-4.15
LogInit: Net CL: 3299760
LogDevObjectVersion: Number of dev versions registered: 14
LogDevObjectVersion:   Dev-Blueprints (B0D832E4-1F89-4F0D-ACCF-7EB736FD4AA2): 8
LogDevObjectVersion:   Dev-Build (E1C64328-A22C-4D53-A36C-8E866417BD8C): 0
LogDevObjectVersion:   Dev-Core (375EC13C-06E4-48FB-B500-84F0262A717E): 2
LogDevObjectVersion:   Dev-Editor (E4B068ED-F494-42E9-A231-DA0B2E46BB41): 14
LogDevObjectVersion:   Dev-Framework (CFFC743F-43B0-4480-9391-14DF171D2073): 22
LogDevObjectVersion:   Dev-Mobile (B02B49B5-BB20-44E9-A304-32B752E40360): 0
LogDevObjectVersion:   Dev-Networking (A4E4105C-59A1-49B5-A7C5-40C4547EDFEE): 0
LogDevObjectVersion:   Dev-Online (39C831C9-5AE6-47DC-9A44-9C173E1C8E7C): 0
LogDevObjectVersion:   Dev-Physics (78F01B33-EBEA-4F98-B9B4-84EACCB95AA2): 0
LogDevObjectVersion:   Dev-Platform (6631380F-2D4D-43E0-8009-CF276956A95A): 0
LogDevObjectVersion:   Dev-Rendering (12F88B9F-8875-4AFC-A67C-D90C383ABD29): 12
LogDevObjectVersion:   Dev-Sequencer (7B5AE74C-D270-4C10-A958-57980B212A5A): 3
LogDevObjectVersion:   Dev-VR (D7296918-1DD6-4BDD-9DE2-64A83CC13884): 0
LogDevObjectVersion:   Dev-LoadTimes (C2A15278-BFE7-4AFE-6C17-90FF531DF755): 1
LogInit: Compiled (64-bit): May 21 2017 11:02:34
LogInit: Compiled with Visual C++: 19.00.23026.00
LogInit: Build Configuration: Development
LogInit: Branch Name: ++UE4+Release-4.15
LogInit: Command line:  
LogInit: Base directory: C:/Program Files/Epic Games/UE_4.15/Engine/Binaries/Win64/
LogInit: Installed Engine Build: 1
LogInit: Presizing for max 8388607 objects, including 0 objects not considered by GC, pre-allocating 0 bytes for permanent pool.
LogInit: Object subsystem initialized
[2017.08.26-05.38.10:247][  0]LogInit: Selected Device Profile: [Windows]
[2017.08.26-05.38.10:247][  0]LogInit: Applying CVar settings loaded from the selected device profile: [Windows]
[2017.08.26-05.38.10:282][  0]LogInit: Computer: 2032-01-265-21
[2017.08.26-05.38.10:282][  0]LogInit: User: Student
[2017.08.26-05.38.10:282][  0]LogInit: CPU Page size=65536, Cores=4
[2017.08.26-05.38.10:282][  0]LogInit: High frequency timer resolution =3.604638 MHz
[2017.08.26-05.38.10:282][  0]LogMemory: Memory total: Physical=15.9GB (16GB approx)
[2017.08.26-05.38.10:282][  0]LogMemory: Platform Memory Stats for Windows
[2017.08.26-05.38.10:282][  0]LogMemory: Process Physical Memory: 264.88 MB used, 264.88 MB peak
[2017.08.26-05.38.10:282][  0]LogMemory: Process Virtual Memory: 265.36 MB used, 265.36 MB peak
[2017.08.26-05.38.10:282][  0]LogMemory: Physical Memory: 6346.00 MB used,  9961.85 MB free, 16307.85 MB total
[2017.08.26-05.38.10:282][  0]LogMemory: Virtual Memory: 633.44 MB used,  9961.85 MB free, 8388608.00 MB total
[2017.08.26-05.38.10:380][  0]LogTextLocalizationManager: No specific translations for ('en-US') exist, so ('en') translations will be used.
[2017.08.26-05.38.10:948][  0]LogD3D11RHI: D3D11 adapters:
[2017.08.26-05.38.10:970][  0]LogD3D11RHI:    0. 'NVIDIA GeForce GTX 1080' (Feature Level 11_0)
[2017.08.26-05.38.10:970][  0]LogD3D11RHI:       8084/0/7897 MB DedicatedVideo/DedicatedSystem/SharedSystem, Outputs:1, VendorId:0x10de
[2017.08.26-05.38.10:970][  0]LogD3D11RHI: Chosen D3D11 Adapter: 0
[2017.08.26-05.38.10:977][  0]LogD3D11RHI: Creating new Direct3DDevice
[2017.08.26-05.38.10:977][  0]LogD3D11RHI:     GPU DeviceId: 0x1b80 (for the marketing name, search the web for "GPU Device Id")
[2017.08.26-05.38.10:977][  0]LogWindows: EnumDisplayDevices:
[2017.08.26-05.38.10:977][  0]LogWindows:    0. 'NVIDIA GeForce GTX 1080' (P:1 D:1)
[2017.08.26-05.38.10:977][  0]LogWindows:    1. 'NVIDIA GeForce GTX 1080' (P:0 D:0)
[2017.08.26-05.38.10:977][  0]LogWindows:    2. 'NVIDIA GeForce GTX 1080' (P:0 D:0)
[2017.08.26-05.38.10:977][  0]LogWindows:    3. 'NVIDIA GeForce GTX 1080' (P:0 D:0)
[2017.08.26-05.38.10:977][  0]LogWindows:    4. 'Symantec pcAnywhere mirror driver' (P:0 D:0)
[2017.08.26-05.38.10:977][  0]LogWindows:    5. 'RDPDD Chained DD' (P:0 D:0)
[2017.08.26-05.38.10:977][  0]LogWindows:    6. 'RDP Encoder Mirror Driver' (P:0 D:0)
[2017.08.26-05.38.10:977][  0]LogWindows:    7. 'RDP Reflector Display Driver' (P:0 D:0)
[2017.08.26-05.38.10:977][  0]LogWindows: DebugString: GetVideoDriverDetailsInvalid PrimaryIsNotTheChoosenAdapter GetVideoDriverDetailsInvalid PrimaryIsNotTheChoosenAdapter GetVideoDriverDetailsInvalid PrimaryIsNotTheChoosenAdapter GetVideoDriverDetailsInvalid PrimaryIsNotTheChoosenAdapter FoundDriverCount:4 
[2017.08.26-05.38.10:977][  0]LogD3D11RHI:     Adapter Name: NVIDIA GeForce GTX 1080
[2017.08.26-05.38.10:977][  0]LogD3D11RHI:   Driver Version: 376.33 (internal:21.21.13.7633, unified:376.33)
[2017.08.26-05.38.10:977][  0]LogD3D11RHI:      Driver Date: 12-11-2016
[2017.08.26-05.38.10:977][  0]LogRHI: Texture pool is 1361 MB (70% of 1945 MB)
[2017.08.26-05.38.10:987][  0]LogD3D11RHI: Async texture creation enabled
[2017.08.26-05.38.11:002][  0]LogD3D11RHI: GPU Timing Frequency: 1000.000000 (Debug: 2 2)
[2017.08.26-05.38.11:049][  0]LogShaderCompilers: Guid format shader working directory is 3 characters bigger than the processId version (I:/acepeda/public/A_GAMEJAM_SHEEPLE/dontbeasheep/Intermediate/Shaders/WorkingDirectory/69600/).
[2017.08.26-05.38.11:049][  0]LogShaderCompilers: Cleaned the shader compiler working directory 'C:/Users/Student.AII/AppData/Local/Temp/UnrealShaderWorkingDir/7336F7DB49E4160A79897F91633C03FE/'.
[2017.08.26-05.38.11:050][  0]LogShaderCompilers:Display: Using Local Shader Compiler.
[2017.08.26-05.38.11:960][  0]LogTemp:Display: Loaded TP AllDesktopTargetPlatform
[2017.08.26-05.38.12:030][  0]LogTemp:Display: Loaded TP MacClientTargetPlatform
[2017.08.26-05.38.12:099][  0]LogTemp:Display: Loaded TP MacNoEditorTargetPlatform
[2017.08.26-05.38.12:168][  0]LogTemp:Display: Loaded TP MacServerTargetPlatform
[2017.08.26-05.38.12:237][  0]LogTemp:Display: Loaded TP MacTargetPlatform
[2017.08.26-05.38.12:306][  0]LogTemp:Display: Loaded TP WindowsClientTargetPlatform
[2017.08.26-05.38.12:375][  0]LogTemp:Display: Loaded TP WindowsNoEditorTargetPlatform
[2017.08.26-05.38.12:465][  0]LogTemp:Display: Loaded TP WindowsServerTargetPlatform
[2017.08.26-05.38.12:520][  0]LogTemp:Display: Loaded TP WindowsTargetPlatform
[2017.08.26-05.38.12:598][  0]LogTemp:Display: Loaded TP AndroidTargetPlatform
[2017.08.26-05.38.12:665][  0]LogTemp:Display: Loaded TP Android_ASTCTargetPlatform
[2017.08.26-05.38.12:733][  0]LogTemp:Display: Loaded TP Android_ATCTargetPlatform
[2017.08.26-05.38.12:802][  0]LogTemp:Display: Loaded TP Android_DXTTargetPlatform
[2017.08.26-05.38.12:871][  0]LogTemp:Display: Loaded TP Android_ETC1TargetPlatform
[2017.08.26-05.38.12:939][  0]LogTemp:Display: Loaded TP Android_ETC2TargetPlatform
[2017.08.26-05.38.13:075][  0]LogTemp:Display: Loaded TP Android_MultiTargetPlatform
[2017.08.26-05.38.13:075][  0]LogTemp:Display: Loaded TP Android_PVRTCTargetPlatform
[2017.08.26-05.38.13:122][  0]LogTemp:Display: Loaded TP HTML5TargetPlatform
[2017.08.26-05.38.13:235][  0]LogTemp:Display: Loaded TP IOSTargetPlatform
[2017.08.26-05.38.13:279][  0]LogTemp:Display: Loaded TP TVOSTargetPlatform
[2017.08.26-05.38.13:347][  0]LogTemp:Display: Loaded TP LinuxClientTargetPlatform
[2017.08.26-05.38.13:414][  0]LogTemp:Display: Loaded TP LinuxNoEditorTargetPlatform
[2017.08.26-05.38.13:482][  0]LogTemp:Display: Loaded TP LinuxServerTargetPlatform
[2017.08.26-05.38.13:551][  0]LogTemp:Display: Loaded TP LinuxTargetPlatform
[2017.08.26-05.38.13:551][  0]LogTargetPlatformManager:Display: Building Assets For Windows
[2017.08.26-05.38.14:069][  0]LogDerivedDataCache:Display: Max Cache Size: 512 MB
[2017.08.26-05.38.14:124][  0]LogDerivedDataCache: Loaded boot cache 0.05s 50MB C:/Users/Student.AII/AppData/Local/UnrealEngine/4.15/DerivedDataCache/Boot.ddc.
[2017.08.26-05.38.14:124][  0]LogDerivedDataCache:Display: Loaded Boot cache: C:/Users/Student.AII/AppData/Local/UnrealEngine/4.15/DerivedDataCache/Boot.ddc
[2017.08.26-05.38.14:125][  0]LogDerivedDataCache: FDerivedDataBackendGraph:  Pak pak cache file I:/acepeda/public/A_GAMEJAM_SHEEPLE/dontbeasheep/DerivedDataCache/DDC.ddp not found, will not use a pak cache.
[2017.08.26-05.38.14:125][  0]LogDerivedDataCache: Unable to find inner node Pak for hierarchical cache Hierarchy.
[2017.08.26-05.38.14:125][  0]LogDerivedDataCache: FDerivedDataBackendGraph:  CompressedPak pak cache file I:/acepeda/public/A_GAMEJAM_SHEEPLE/dontbeasheep/DerivedDataCache/Compressed.ddp not found, will not use a pak cache.
[2017.08.26-05.38.14:125][  0]LogDerivedDataCache: Unable to find inner node CompressedPak for hierarchical cache Hierarchy.
[2017.08.26-05.38.14:143][  0]LogDerivedDataCache:Display: Pak cache opened for reading ../../../Engine/DerivedDataCache/Compressed.ddp.
[2017.08.26-05.38.14:155][  0]LogDerivedDataCache: Using Local data cache path C:/Users/Student.AII/AppData/Local/UnrealEngine/Common/DerivedDataCache: Writable
[2017.08.26-05.38.14:164][  0]LogSlate: Using Freetype 2.6.0
[2017.08.26-05.38.14:164][  0]LogSlate: SlateFontCache - WITH_FREETYPE: 1, WITH_HARFBUZZ: 1
[2017.08.26-05.38.14:164][  0]LogSlate: SlateFontCache - WITH_FREETYPE: 1, WITH_HARFBUZZ: 1
[2017.08.26-05.38.14:468][  0]LogInit: Selected Device Profile: [Windows]
[2017.08.26-05.38.14:471][  0]LogContentStreaming: Texture pool size is 0.00 MB
[2017.08.26-05.38.14:726][  0]LogMeshUtilities: Using QuadricMeshReduction for automatic static mesh reduction
[2017.08.26-05.38.14:779][  0]LogSimplygon: Simplygon DLL not present - disabling.
[2017.08.26-05.38.14:836][  0]LogMeshUtilities: Using SimplygonSwarm for distributed automatic mesh merging
[2017.08.26-05.38.14:836][  0]LogMeshUtilities: No automatic skeletal mesh reduction module available
[2017.08.26-05.38.14:836][  0]LogMeshUtilities: No automatic mesh merging module available
[2017.08.26-05.38.15:428][  0]LogNetVersion: GetLocalNetworkVersion: CL: 3299760, ProjectName: dontbeasheep, ProjectVersion: , EngineNetworkVersion: 2, GameNetworkVersion: 0, NetworkChecksum: 1071483114
[2017.08.26-05.38.15:477][  0]LogAssetRegistry: FAssetRegistry took 0.0196 seconds to start up
[2017.08.26-05.38.16:064][  0]LogPackageLocalizationCache: Processed 3 localized package path(s) for 2 prioritized culture(s) in 0.543153 seconds
[2017.08.26-05.38.16:068][  0]LogUObjectArray: 32493 objects as part of root set at end of initial load.
[2017.08.26-05.38.16:068][  0]LogUObjectAllocator: 7077032 out of 0 bytes used by permanent object pool.
[2017.08.26-05.38.16:068][  0]LogUObjectArray: CloseDisregardForGC: 0/0 objects in disregard for GC pool
[2017.08.26-05.38.16:144][  0]LogInit: WinSock: version 1.1 (2.2), MaxSocks=32767, MaxUdp=65467
[2017.08.26-05.38.18:077][  0]LogTcpMessaging: Initializing TcpMessaging bridge
[2017.08.26-05.38.18:122][  0]LogUdpMessaging: Initializing bridge on interface 0.0.0.0:0 to multicast group 230.0.0.1:6666.
[2017.08.26-05.38.18:122][  0]LogDirectoryWatcher: A directory notification failed for 'I:/acepeda/public/A_GAMEJAM_SHEEPLE/dontbeasheep/Content/' because it was empty or there was a buffer overflow. Attemping another request...
[2017.08.26-05.38.19:382][  0]LogMaterial: Uniform references updated for custom material expression Custom.
[2017.08.26-05.38.19:857][  0]SourceControl: Info Source control is disabled
[2017.08.26-05.38.19:888][  0]SourceControl: Info Source control is disabled
[2017.08.26-05.38.19:946][  0]SourceControl: Info Source control is disabled
[2017.08.26-05.38.20:001][  0]SourceControl: Info Source control is disabled
[2017.08.26-05.38.21:463][  0]LogEngine: Initializing Engine...
[2017.08.26-05.38.21:464][  0]LogHMD: Failed to initialize OpenVR with code 110
[2017.08.26-05.38.21:578][  0]LogStats: UGameplayTagsManager::ConstructGameplayTagTree: Construct from data asset -  0.000 s
[2017.08.26-05.38.21:578][  0]LogStats: UGameplayTagsManager::ConstructGameplayTagTree: GameplayTagTreeChangedEvent.Broadcast -  0.000 s
[2017.08.26-05.38.21:726][  0]LogAIModule: Creating AISystem for world Untitled
[2017.08.26-05.38.21:735][  0]LogInit: XAudio2 using 'Speakers (Realtek High Definition Audio)' : 2 channels at 48 kHz using 32 bits per sample (channel mask 0x3)
[2017.08.26-05.38.21:744][  0]LogInit: FAudioDevice initialized.
[2017.08.26-05.38.21:770][  0]LogDerivedDataCache: Saved boot cache 0.03s 50MB C:/Users/Student.AII/AppData/Local/UnrealEngine/4.15/DerivedDataCache/Boot.ddc.
[2017.08.26-05.38.21:775][  0]LogInit: Texture streaming: Enabled
[2017.08.26-05.38.21:886][  0]LogEngineSessionManager: EngineSessionManager initialized
[2017.08.26-05.38.21:990][  0]LogInit: Transaction tracking system initialized
[2017.08.26-05.38.22:404][  0]BlueprintLog: New page: Editor Load
[2017.08.26-05.38.23:509][  0]LocalizationService: Info Localization service is disabled
[2017.08.26-05.38.24:310][  0]LogConsoleResponse:Display: 
[2017.08.26-05.38.24:443][  0]LogCook:Display: Max memory allowance for cook 16384mb min free memory 0mb
[2017.08.26-05.38.24:443][  0]LogCook:Display: Mobile HDR setting 1
[2017.08.26-05.38.25:601][  0]LogFileCache: Scanning file cache for directory 'I:/acepeda/public/A_GAMEJAM_SHEEPLE/dontbeasheep/Content/' took 0.03s
[2017.08.26-05.38.25:654][  0]SourceControl: Info Source control is disabled
[2017.08.26-05.38.25:654][  0]Cmd: MAP LOAD FILE="../../../Engine/Content/Maps/Templates/Template_Default.umap" TEMPLATE=1 SHOWPROGRESS=1 FEATURELEVEL=3
[2017.08.26-05.38.25:654][  0]LightingResults: New page: Lighting Build
[2017.08.26-05.38.25:705][  0]MapCheck: New page: Map Check
[2017.08.26-05.38.25:705][  0]LightingResults: New page: Lighting Build
[2017.08.26-05.38.25:933][  0]LogAIModule: Creating AISystem for world Untitled_1
[2017.08.26-05.38.25:951][  0]LogActorComponent: RegisterComponentWithWorld: (/Temp/Untitled_1.Untitled_1:PersistentLevel.WorldSettings_1.StaticMeshComponent0) Trying to register component with IsPendingKill() == true. Aborting.
[2017.08.26-05.38.25:956][  0]LogEditorServer: Finished looking for orphan Actors (0.000 secs)
[2017.08.26-05.38.25:959][  0]Cmd: MAP CHECKDEP NOCLEARLOG
[2017.08.26-05.38.26:003][  0]MapCheck: Info Map check complete: 0 Error(s), 0 Warning(s), took 43.752ms to complete.
[2017.08.26-05.38.26:003][  0]LogFileHelpers: Loading map 'Template_Default' took 0.349
[2017.08.26-05.38.26:166][  0]LogCollectionManager: Loaded 0 collections in 0.005269 seconds
[2017.08.26-05.38.26:266][  0]LogFileCache: Scanning file cache for directory 'I:/acepeda/public/A_GAMEJAM_SHEEPLE/dontbeasheep/Saved/Collections/' took 0.01s
[2017.08.26-05.38.26:266][  0]LogFileCache: Scanning file cache for directory 'I:/acepeda/public/A_GAMEJAM_SHEEPLE/dontbeasheep/Content/Developers/Student/Collections/' took 0.01s
[2017.08.26-05.38.26:266][  0]LogFileCache: Scanning file cache for directory 'I:/acepeda/public/A_GAMEJAM_SHEEPLE/dontbeasheep/Content/Collections/' took 0.01s
[2017.08.26-05.38.26:266][  0]LogCollectionManager: Rebuilt the GUID cache for 0 collections in 0.000002 seconds
[2017.08.26-05.38.26:275][  0]LogContentBrowser: Native class hierarchy populated in 0.0086 seconds. Added 2245 classes and 453 folders.
[2017.08.26-05.38.26:353][  0]LogContentBrowser: Native class hierarchy updated for 'WidgetCarousel' in 0.0007 seconds. Added 0 classes and 0 folders.
[2017.08.26-05.38.26:397][  0]LogContentBrowser: Native class hierarchy updated for 'AddContentDialog' in 0.0008 seconds. Added 0 classes and 0 folders.
[2017.08.26-05.38.26:449][  0]LogContentBrowser: Native class hierarchy updated for 'SceneOutliner' in 0.0008 seconds. Added 1 classes and 2 folders.
[2017.08.26-05.38.26:504][  0]LogCrashTracker: Crashtracker disabled due to settings.
[2017.08.26-05.38.26:509][  0]LogUObjectGlobals:Warning: Failed to find object 'Class None.'
[2017.08.26-05.38.26:582][  0]LogContentBrowser: Native class hierarchy updated for 'HierarchicalLODOutliner' in 0.0015 seconds. Added 1 classes and 2 folders.
[2017.08.26-05.38.26:582][  0]LogLoad: (Engine Initialization) Total time: 19.30 seconds
[2017.08.26-05.38.26:582][  0]LogLoad: (Engine Initialization) Total Blueprint compile time: 0.10 seconds
[2017.08.26-05.38.26:582][  0]LogExternalProfiler: Found external profiler: VSPerf
[2017.08.26-05.38.26:582][  0]LogExternalProfiler: Using external profiler: VSPerf
[2017.08.26-05.38.26:591][  0]LogOcInput: OculusInput pre-init called
[2017.08.26-05.38.26:607][  0]LogDirectoryWatcher: A directory notification failed for 'I:/acepeda/public/A_GAMEJAM_SHEEPLE/dontbeasheep/Content/' because it was empty or there was a buffer overflow. Attemping another request...
[2017.08.26-05.38.26:608][  0]LogDirectoryWatcher: A directory notification failed for 'I:/acepeda/public/A_GAMEJAM_SHEEPLE/dontbeasheep/Content/', and we were unable to create a new request.
[2017.08.26-05.38.26:608][  0]LogDirectoryWatcher: A directory notification failed for 'I:/acepeda/public/A_GAMEJAM_SHEEPLE/dontbeasheep/Saved/Collections/' because it was empty or there was a buffer overflow. Attemping another request...
[2017.08.26-05.38.26:608][  0]LogDirectoryWatcher: A directory notification failed for 'I:/acepeda/public/A_GAMEJAM_SHEEPLE/dontbeasheep/Content/Developers/Student/Collections/' because it was empty or there was a buffer overflow. Attemping another request...
[2017.08.26-05.38.26:608][  0]LogDirectoryWatcher: A directory notification failed for 'I:/acepeda/public/A_GAMEJAM_SHEEPLE/dontbeasheep/Content/Collections/' because it was empty or there was a buffer overflow. Attemping another request...
[2017.08.26-05.38.26:613][  0]LogContentStreaming: Texture pool size now 1000 MB
[2017.08.26-05.38.26:614][  0]LogSlate: Took 0.000242 seconds to synchronously load lazily loaded font '../../../Engine/Content/Slate/Fonts/Roboto-Regular.ttf' (155K)
[2017.08.26-05.38.26:618][  0]LogSlate: Took 0.000259 seconds to synchronously load lazily loaded font '../../../Engine/Content/Slate/Fonts/Roboto-Bold.ttf' (160K)
[2017.08.26-05.38.26:624][  0]LogSlate: Took 0.000192 seconds to synchronously load lazily loaded font '../../../Engine/Content/Editor/Slate/Fonts/FontAwesome.ttf' (139K)
[2017.08.26-05.38.26:729][  0]LogSlate: Took 0.000152 seconds to synchronously load lazily loaded font '../../../Engine/Content/Slate/Fonts/Roboto-Light.ttf' (159K)
[2017.08.26-05.38.26:787][  0]LogRenderer: Reallocating scene render targets to support 1208x576 NumSamples 1 (Frame:2).
[2017.08.26-05.38.26:880][  1]LogAssetRegistry: Asset discovery search completed in 11.4239 seconds
[2017.08.26-05.38.26:880][  1]LogCollectionManager: Rebuilt the object cache for 0 collections in 0.000004 seconds (found 0 objects)
[2017.08.26-05.38.26:880][  1]LogCollectionManager: Fixed up redirectors for 0 collections in 0.000019 seconds (updated 0 objects)
[2017.08.26-05.38.26:880][  1]LogDirectoryWatcher: A directory notification failed for 'I:/acepeda/public/A_GAMEJAM_SHEEPLE/dontbeasheep/Saved/Collections/' because it was empty or there was a buffer overflow. Attemping another request...
[2017.08.26-05.38.26:881][  1]LogDirectoryWatcher: A directory notification failed for 'I:/acepeda/public/A_GAMEJAM_SHEEPLE/dontbeasheep/Saved/Collections/', and we were unable to create a new request.
[2017.08.26-05.38.26:881][  1]LogDirectoryWatcher: A directory notification failed for 'I:/acepeda/public/A_GAMEJAM_SHEEPLE/dontbeasheep/Content/Developers/Student/Collections/' because it was empty or there was a buffer overflow. Attemping another request...
[2017.08.26-05.38.26:882][  1]LogDirectoryWatcher: A directory notification failed for 'I:/acepeda/public/A_GAMEJAM_SHEEPLE/dontbeasheep/Content/Developers/Student/Collections/', and we were unable to create a new request.
[2017.08.26-05.38.26:882][  1]LogDirectoryWatcher: A directory notification failed for 'I:/acepeda/public/A_GAMEJAM_SHEEPLE/dontbeasheep/Content/Collections/' because it was empty or there was a buffer overflow. Attemping another request...
[2017.08.26-05.38.26:883][  1]LogDirectoryWatcher: A directory notification failed for 'I:/acepeda/public/A_GAMEJAM_SHEEPLE/dontbeasheep/Content/Collections/', and we were unable to create a new request.
[2017.08.26-05.38.27:958][ 78]LogSlate: Took 0.000235 seconds to synchronously load lazily loaded font '../../../Engine/Content/Slate/Fonts/Roboto-Light.ttf' (159K)
[2017.08.26-05.38.40:141][303]LogTemp: Repeting last play command: Selected Viewport
[2017.08.26-05.38.40:157][303]LogPlayLevel: PlayLevel: No blueprints needed recompiling
[2017.08.26-05.38.40:158][303]PIE: New page: PIE session: Untitled_1 (Aug 25, 2017, 3:38:40 PM)
[2017.08.26-05.38.40:158][303]LogPlayLevel: Creating play world package: /Temp/UEDPIE_0_Untitled_1
[2017.08.26-05.38.40:161][303]LogPlayLevel: PIE: StaticDuplicateObject took: (0.003323s)
[2017.08.26-05.38.40:162][303]LogAIModule: Creating AISystem for world Untitled_1
[2017.08.26-05.38.40:162][303]LogPlayLevel: PIE: World Init took: (0.000846s)
[2017.08.26-05.38.40:162][303]LogPlayLevel: PIE: Created PIE world by copying editor world from /Temp/Untitled_1.Untitled_1 to /Temp/UEDPIE_0_Untitled_1.Untitled_1 (0.004475s)
[2017.08.26-05.38.40:174][303]LogInit: XAudio2 using 'Speakers (Realtek High Definition Audio)' : 2 channels at 48 kHz using 32 bits per sample (channel mask 0x3)
[2017.08.26-05.38.40:180][303]LogInit: FAudioDevice initialized.
[2017.08.26-05.38.40:268][303]LogLoad: Game class is 'storyBook_gamemode_C'
[2017.08.26-05.38.40:270][303]LogWorld: Bringing World /Temp/UEDPIE_0_Untitled_1.Untitled_1 up for play (max tick rate 0) at 2017.08.25-22.38.40
[2017.08.26-05.38.40:270][303]LogWorld: Bringing up level for play took: 0.000806
[2017.08.26-05.38.40:354][303]LogContentBrowser: Native class hierarchy updated for 'MovieSceneCapture' in 0.0016 seconds. Added 11 classes and 0 folders.
[2017.08.26-05.38.40:356][303]PIE: Info Play in editor start time for /Temp/UEDPIE_0_Untitled_1 -0.274
[2017.08.26-05.38.52:552][613]LogPlayLevel: PlayLevel: No blueprints needed recompiling
[2017.08.26-05.38.52:552][613]PIE: New page: PIE session: Untitled_1 (Aug 25, 2017, 3:38:52 PM)
[2017.08.26-05.38.52:552][613]LogPlayLevel: Creating play world package: /Temp/UEDPIE_0_Untitled_1
[2017.08.26-05.38.52:554][613]LogPlayLevel: PIE: StaticDuplicateObject took: (0.002328s)
[2017.08.26-05.38.52:555][613]LogAIModule: Creating AISystem for world Untitled_1
[2017.08.26-05.38.52:555][613]LogPlayLevel: PIE: World Init took: (0.000863s)
[2017.08.26-05.38.52:555][613]LogPlayLevel: PIE: Created PIE world by copying editor world from /Temp/Untitled_1.Untitled_1 to /Temp/UEDPIE_0_Untitled_1.Untitled_1 (0.003366s)
[2017.08.26-05.38.52:566][613]LogInit: XAudio2 using 'Speakers (Realtek High Definition Audio)' : 2 channels at 48 kHz using 32 bits per sample (channel mask 0x3)
[2017.08.26-05.38.52:573][613]LogInit: FAudioDevice initialized.
[2017.08.26-05.38.52:606][613]LogLoad: Game class is 'storyBook_gamemode_C'
[2017.08.26-05.38.52:608][613]LogWorld: Bringing World /Temp/UEDPIE_0_Untitled_1.Untitled_1 up for play (max tick rate 0) at 2017.08.25-22.38.52
[2017.08.26-05.38.52:608][613]LogWorld: Bringing up level for play took: 0.000915
[2017.08.26-05.38.52:612][613]PIE: Info Play in editor start time for /Temp/UEDPIE_0_Untitled_1 -0.017
[2017.08.26-05.38.52:635][613]LogRenderer: Reallocating scene render targets to support 1292x756 NumSamples 1 (Frame:2609).
[2017.08.26-05.39.21:139][956]LogSlate: Took 0.000167 seconds to synchronously load lazily loaded font '../../../Engine/Content/Slate/Fonts/Roboto-Light.ttf' (159K)
[2017.08.26-05.39.21:237][956]LogAIModule: Creating AISystem for world DontbeaSheep
[2017.08.26-05.39.21:253][956]Cmd: MAP LOAD FILE="I:/acepeda/public/A_GAMEJAM_SHEEPLE/dontbeasheep/Content/DontbeaSheep.umap" TEMPLATE=0 SHOWPROGRESS=1 FEATURELEVEL=3
[2017.08.26-05.39.21:253][956]LightingResults: New page: Lighting Build
[2017.08.26-05.39.21:255][956]LoadErrors: New page: Loading map: DontbeaSheep.umap
[2017.08.26-05.39.21:255][956]MapCheck: New page: Map Check
[2017.08.26-05.39.21:255][956]LightingResults: New page: Lighting Build
[2017.08.26-05.39.21:271][956]LogEditorServer: Finished looking for orphan Actors (0.000 secs)
[2017.08.26-05.39.21:297][956]Cmd: MAP CHECKDEP NOCLEARLOG
[2017.08.26-05.39.21:342][956]MapCheck: Info Map check complete: 0 Error(s), 0 Warning(s), took 45.438ms to complete.
[2017.08.26-05.39.21:342][956]LogFileHelpers: Loading map 'DontbeaSheep' took 0.090
[2017.08.26-05.39.24:737][346]LogTemp: Repeting last play command: New Editor Window (PIE)
[2017.08.26-05.39.24:751][346]LogPlayLevel: PlayLevel: No blueprints needed recompiling
[2017.08.26-05.39.24:751][346]PIE: New page: PIE session: DontbeaSheep (Aug 25, 2017, 3:39:24 PM)
[2017.08.26-05.39.24:751][346]LogPlayLevel: Creating play world package: /Game/UEDPIE_0_DontbeaSheep
[2017.08.26-05.39.24:756][346]LogPlayLevel: PIE: StaticDuplicateObject took: (0.004915s)
[2017.08.26-05.39.24:756][346]LogAIModule: Creating AISystem for world DontbeaSheep
[2017.08.26-05.39.24:756][346]LogPlayLevel: PIE: World Init took: (0.000612s)
[2017.08.26-05.39.24:757][346]LogPlayLevel: PIE: Created PIE world by copying editor world from /Game/DontbeaSheep.DontbeaSheep to /Game/UEDPIE_0_DontbeaSheep.DontbeaSheep (0.005804s)
[2017.08.26-05.39.24:767][346]LogInit: XAudio2 using 'Speakers (Realtek High Definition Audio)' : 2 channels at 48 kHz using 32 bits per sample (channel mask 0x3)
[2017.08.26-05.39.24:773][346]LogInit: FAudioDevice initialized.
[2017.08.26-05.39.24:806][346]LogLoad: Game class is 'storyBook_gamemode_C'
[2017.08.26-05.39.24:807][346]LogWorld: Bringing World /Game/UEDPIE_0_DontbeaSheep.DontbeaSheep up for play (max tick rate 0) at 2017.08.25-22.39.24
[2017.08.26-05.39.24:807][346]LogWorld: Bringing up level for play took: 0.000994
[2017.08.26-05.39.24:812][346]PIE: Info Play in editor start time for /Game/UEDPIE_0_DontbeaSheep 0.185
[2017.08.26-05.39.31:718][ 95]MapCheck: New page: Map Check
[2017.08.26-05.39.31:738][ 95]Cmd: MAP REBUILD ALLVISIBLE
[2017.08.26-05.39.31:739][ 95]LogEditorServer: Rebuildmap Clear paths rebuilt
[2017.08.26-05.39.31:860][ 95]LogMaterial: Missing cached shader map for material FDebugViewModeMaterialProxy WorldGridMaterial, compiling. Is special engine material.
[2017.08.26-05.39.31:862][ 95]LogTemp:Display: Added material ShaderMap 0x0000000022DA0100 with Material 0x0000000049187D00 to ShaderMapsBeingCompiled
[2017.08.26-05.39.31:867][ 95]LogTemp:Display: Kicking off shader compilation for FDebugViewModeMaterialProxy WorldGridMaterial, GameThreadShaderMap 0x0000000022DA0100
[2017.08.26-05.39.31:870][ 95]LogMaterial: Missing cached shader map for material FDebugViewModeMaterialProxy DefaultMaterial, compiling. 
[2017.08.26-05.39.31:871][ 95]LogTemp:Display: Added material ShaderMap 0x0000000045897200 with Material 0x0000000049187700 to ShaderMapsBeingCompiled
[2017.08.26-05.39.31:873][ 95]LogTemp:Display: Kicking off shader compilation for FDebugViewModeMaterialProxy DefaultMaterial, GameThreadShaderMap 0x0000000045897200
[2017.08.26-05.39.31:875][ 95]LogMaterial: Missing cached shader map for material FDebugViewModeMaterialProxy MaterialInstanceDynamic_2, compiling. 
[2017.08.26-05.39.31:876][ 95]LogTemp:Display: Added material ShaderMap 0x0000000045896B00 with Material 0x0000000049186E00 to ShaderMapsBeingCompiled
[2017.08.26-05.39.31:878][ 95]LogTemp:Display: Kicking off shader compilation for FDebugViewModeMaterialProxy MaterialInstanceDynamic_2, GameThreadShaderMap 0x0000000045896B00
[2017.08.26-05.39.31:881][ 95]LogMaterial: Missing cached shader map for material FDebugViewModeMaterialProxy BasicShapeMaterial, compiling. 
[2017.08.26-05.39.31:882][ 95]LogTemp:Display: Added material ShaderMap 0x000000002CA77580 with Material 0x0000000049187100 to ShaderMapsBeingCompiled
[2017.08.26-05.39.31:884][ 95]LogTemp:Display: Kicking off shader compilation for FDebugViewModeMaterialProxy BasicShapeMaterial, GameThreadShaderMap 0x000000002CA77580
[2017.08.26-05.39.32:236][ 95]LogTemp:Display: Finished compile of shader map 0x000000002CA77580
[2017.08.26-05.39.32:236][ 95]LogTemp:Display: Shader map FDebugViewModeMaterialProxy BasicShapeMaterial complete, GameThreadShaderMap 0x000000002CA77580, marking material FDebugViewModeMaterialProxy BasicShapeMaterial as finished
[2017.08.26-05.39.32:236][ 95]LogTemp:Display: Marking material as finished 0x0000000049187100
[2017.08.26-05.39.32:319][ 95]LogTemp:Display: Finished compile of shader map 0x0000000022DA0100
[2017.08.26-05.39.32:319][ 95]LogTemp:Display: Shader map FDebugViewModeMaterialProxy WorldGridMaterial complete, GameThreadShaderMap 0x0000000022DA0100, marking material FDebugViewModeMaterialProxy WorldGridMaterial as finished
[2017.08.26-05.39.32:319][ 95]LogTemp:Display: Marking material as finished 0x0000000049187D00
[2017.08.26-05.39.32:332][ 95]LogTemp:Display: Finished compile of shader map 0x0000000045897200
[2017.08.26-05.39.32:332][ 95]LogTemp:Display: Shader map FDebugViewModeMaterialProxy DefaultMaterial complete, GameThreadShaderMap 0x0000000045897200, marking material FDebugViewModeMaterialProxy DefaultMaterial as finished
[2017.08.26-05.39.32:332][ 95]LogTemp:Display: Marking material as finished 0x0000000049187700
[2017.08.26-05.39.32:334][ 95]LogTemp:Display: Finished compile of shader map 0x0000000045896B00
[2017.08.26-05.39.32:334][ 95]LogTemp:Display: Shader map FDebugViewModeMaterialProxy MaterialInstanceDynamic_2 complete, GameThreadShaderMap 0x0000000045896B00, marking material FDebugViewModeMaterialProxy MaterialInstanceDynamic_2 as finished
[2017.08.26-05.39.32:334][ 95]LogTemp:Display: Marking material as finished 0x0000000049186E00
[2017.08.26-05.39.32:335][ 95]TextureStreamingBuild:Display: Compiling optional shaders took 0.481 seconds.
[2017.08.26-05.39.32:347][ 95]LogLevel:Display: Export Material TexCoord Scales took 0.012 seconds.
[2017.08.26-05.39.32:351][ 95]TextureStreamingBuild:Display: Build Texture Streaming took 0.003 seconds.
[2017.08.26-05.39.32:362][ 95]LightingResults: New page: Lighting Build - Aug 25, 2017, 3:39:32 PM
[2017.08.26-05.39.32:440][ 95]LogSwarmInterface: [OpenConnection] Registering TCP channel ...
[2017.08.26-05.39.32:488][ 95]LogSwarmInterface: [OpenConnection] Connecting to agent ...
[2017.08.26-05.39.32:506][ 95]LogSwarmInterface: [TryOpenConnection] Testing the Agent
[2017.08.26-05.39.34:078][ 95]LogSwarmInterface: [TryOpenConnection] Opening Connection to Agent
[2017.08.26-05.39.34:078][ 95]LogSwarmInterface: [TryOpenConnection] Local Process ID is 69600
[2017.08.26-05.39.36:577][ 95]LogStaticLightingSystem:Warning: No importance volume found, so the scene bounding box was used.  You can optimize your scene's quality and lighting build times by adding importance volumes.
[2017.08.26-05.39.36:579][ 95]LogStaticLightingSystem: Running Lightmass w/ ImmediateImport mode ENABLED
[2017.08.26-05.39.36:579][ 95]LogStaticLightingSystem: Running Lightmass w/ ImmediateProcess mode ENABLED
[2017.08.26-05.39.36:579][ 95]LogStaticLightingSystem: Running Lightmass w/ Sorting mode ENABLED
[2017.08.26-05.39.36:579][ 95]LogStaticLightingSystem: Running Lightmass w/ Mapping paddings ENABLED
[2017.08.26-05.39.36:579][ 95]LogStaticLightingSystem: Running Lightmass w/ Mapping debug paddings DISABLED
[2017.08.26-05.39.36:734][ 95]Cmd: MAP CHECK DONTDISPLAYDIALOG
[2017.08.26-05.39.36:734][ 95]MapCheck: New page: DontbeaSheep - Aug 25, 2017, 3:39:36 PM
[2017.08.26-05.39.36:736][ 95]MapCheck:Error: Error WorldSettings_1 Maps need lighting rebuilt 
[2017.08.26-05.39.36:786][ 95]MapCheck: Info Map check complete: 1 Error(s), 0 Warning(s), took 51.832ms to complete.
[2017.08.26-05.39.36:806][ 95]LogEditorBuildUtils: Build time 0:05
[2017.08.26-05.39.36:821][ 95]LogMaterial: Missing cached shader map for material FLightmassMaterialRenderer DefaultMaterial, compiling. 
[2017.08.26-05.39.36:822][ 95]LogTemp:Display: Added material ShaderMap 0x0000000048FECB80 with Material 0x0000000049186200 to ShaderMapsBeingCompiled
[2017.08.26-05.39.36:826][ 95]LogTemp:Display: Kicking off shader compilation for FLightmassMaterialRenderer DefaultMaterial, GameThreadShaderMap 0x0000000048FECB80
[2017.08.26-05.39.36:829][ 95]LogMaterial: Missing cached shader map for material FLightmassMaterialRenderer DefaultMaterial, compiling. 
[2017.08.26-05.39.36:829][ 95]LogTemp:Display: Added material ShaderMap 0x0000000046D37580 with Material 0x0000000049185900 to ShaderMapsBeingCompiled
[2017.08.26-05.39.36:832][ 95]LogTemp:Display: Kicking off shader compilation for FLightmassMaterialRenderer DefaultMaterial, GameThreadShaderMap 0x0000000046D37580
[2017.08.26-05.39.36:888][ 96]LogMaterial: Missing cached shader map for material FLightmassMaterialRenderer MaterialInstanceDynamic_2, compiling. 
[2017.08.26-05.39.36:889][ 96]LogTemp:Display: Added material ShaderMap 0x00000000238C7900 with Material 0x000000002CC0F400 to ShaderMapsBeingCompiled
[2017.08.26-05.39.36:891][ 96]LogTemp:Display: Kicking off shader compilation for FLightmassMaterialRenderer MaterialInstanceDynamic_2, GameThreadShaderMap 0x00000000238C7900
[2017.08.26-05.39.36:893][ 96]LogMaterial: Missing cached shader map for material FLightmassMaterialRenderer MaterialInstanceDynamic_2, compiling. 
[2017.08.26-05.39.36:894][ 96]LogTemp:Display: Added material ShaderMap 0x00000000238C5600 with Material 0x000000002CC0F100 to ShaderMapsBeingCompiled
[2017.08.26-05.39.36:898][ 96]LogTemp:Display: Kicking off shader compilation for FLightmassMaterialRenderer MaterialInstanceDynamic_2, GameThreadShaderMap 0x00000000238C5600
[2017.08.26-05.39.36:963][ 97]LogMaterial: Missing cached shader map for material FLightmassMaterialRenderer BasicShapeMaterial, compiling. 
[2017.08.26-05.39.36:965][ 97]LogTemp:Display: Added material ShaderMap 0x000000002CAC0B80 with Material 0x000000002CC0C700 to ShaderMapsBeingCompiled
[2017.08.26-05.39.36:969][ 97]LogTemp:Display: Kicking off shader compilation for FLightmassMaterialRenderer BasicShapeMaterial, GameThreadShaderMap 0x000000002CAC0B80
[2017.08.26-05.39.36:973][ 97]LogMaterial: Missing cached shader map for material FLightmassMaterialRenderer BasicShapeMaterial, compiling. 
[2017.08.26-05.39.36:974][ 97]LogTemp:Display: Added material ShaderMap 0x000000002CAC3200 with Material 0x0000000023F73700 to ShaderMapsBeingCompiled
[2017.08.26-05.39.36:978][ 97]LogTemp:Display: Kicking off shader compilation for FLightmassMaterialRenderer BasicShapeMaterial, GameThreadShaderMap 0x000000002CAC3200
[2017.08.26-05.39.37:036][ 98]LogMaterial: Missing cached shader map for material FLightmassMaterialRenderer WorldGridMaterial, compiling. Is special engine material.
[2017.08.26-05.39.37:038][ 98]LogTemp:Display: Added material ShaderMap 0x00000000238CBC80 with Material 0x00000000458D0700 to ShaderMapsBeingCompiled
[2017.08.26-05.39.37:042][ 98]LogTemp:Display: Kicking off shader compilation for FLightmassMaterialRenderer WorldGridMaterial, GameThreadShaderMap 0x00000000238CBC80
[2017.08.26-05.39.37:047][ 98]LogMaterial: Missing cached shader map for material FLightmassMaterialRenderer WorldGridMaterial, compiling. Is special engine material.
[2017.08.26-05.39.37:048][ 98]LogTemp:Display: Added material ShaderMap 0x00000000238C9280 with Material 0x00000000458D3100 to ShaderMapsBeingCompiled
[2017.08.26-05.39.37:053][ 98]LogTemp:Display: Kicking off shader compilation for FLightmassMaterialRenderer WorldGridMaterial, GameThreadShaderMap 0x00000000238C9280
[2017.08.26-05.39.37:976][ 99]LogTemp:Display: Finished compile of shader map 0x00000000238C7900
[2017.08.26-05.39.37:976][ 99]LogTemp:Display: Shader map FLightmassMaterialRenderer MaterialInstanceDynamic_2 complete, GameThreadShaderMap 0x00000000238C7900, marking material FLightmassMaterialRenderer MaterialInstanceDynamic_2 as finished
[2017.08.26-05.39.37:976][ 99]LogTemp:Display: Marking material as finished 0x000000002CC0F400
[2017.08.26-05.39.37:978][ 99]LogTemp:Display: Finished compile of shader map 0x00000000238C5600
[2017.08.26-05.39.37:978][ 99]LogTemp:Display: Shader map FLightmassMaterialRenderer MaterialInstanceDynamic_2 complete, GameThreadShaderMap 0x00000000238C5600, marking material FLightmassMaterialRenderer MaterialInstanceDynamic_2 as finished
[2017.08.26-05.39.37:978][ 99]LogTemp:Display: Marking material as finished 0x000000002CC0F100
[2017.08.26-05.39.37:980][ 99]LogTemp:Display: Finished compile of shader map 0x000000002CAC0B80
[2017.08.26-05.39.37:980][ 99]LogTemp:Display: Shader map FLightmassMaterialRenderer BasicShapeMaterial complete, GameThreadShaderMap 0x000000002CAC0B80, marking material FLightmassMaterialRenderer BasicShapeMaterial as finished
[2017.08.26-05.39.37:980][ 99]LogTemp:Display: Marking material as finished 0x000000002CC0C700
[2017.08.26-05.39.37:982][ 99]LogTemp:Display: Finished compile of shader map 0x0000000046D37580
[2017.08.26-05.39.37:982][ 99]LogTemp:Display: Shader map FLightmassMaterialRenderer DefaultMaterial complete, GameThreadShaderMap 0x0000000046D37580, marking material FLightmassMaterialRenderer DefaultMaterial as finished
[2017.08.26-05.39.37:982][ 99]LogTemp:Display: Marking material as finished 0x0000000049185900
[2017.08.26-05.39.37:984][ 99]LogTemp:Display: Finished compile of shader map 0x0000000048FECB80
[2017.08.26-05.39.37:984][ 99]LogTemp:Display: Shader map FLightmassMaterialRenderer DefaultMaterial complete, GameThreadShaderMap 0x0000000048FECB80, marking material FLightmassMaterialRenderer DefaultMaterial as finished
[2017.08.26-05.39.37:984][ 99]LogTemp:Display: Marking material as finished 0x0000000049186200
[2017.08.26-05.39.37:986][ 99]LogTemp:Display: Finished compile of shader map 0x000000002CAC3200
[2017.08.26-05.39.37:986][ 99]LogTemp:Display: Shader map FLightmassMaterialRenderer BasicShapeMaterial complete, GameThreadShaderMap 0x000000002CAC3200, marking material FLightmassMaterialRenderer BasicShapeMaterial as finished
[2017.08.26-05.39.37:986][ 99]LogTemp:Display: Marking material as finished 0x0000000023F73700
[2017.08.26-05.39.37:989][ 99]LogTemp:Display: Finished compile of shader map 0x00000000238CBC80
[2017.08.26-05.39.37:989][ 99]LogTemp:Display: Shader map FLightmassMaterialRenderer WorldGridMaterial complete, GameThreadShaderMap 0x00000000238CBC80, marking material FLightmassMaterialRenderer WorldGridMaterial as finished
[2017.08.26-05.39.37:989][ 99]LogTemp:Display: Marking material as finished 0x00000000458D0700
[2017.08.26-05.39.37:992][ 99]LogTemp:Display: Finished compile of shader map 0x00000000238C9280
[2017.08.26-05.39.37:992][ 99]LogTemp:Display: Shader map FLightmassMaterialRenderer WorldGridMaterial complete, GameThreadShaderMap 0x00000000238C9280, marking material FLightmassMaterialRenderer WorldGridMaterial as finished
[2017.08.26-05.39.37:992][ 99]LogTemp:Display: Marking material as finished 0x00000000458D3100
[2017.08.26-05.39.39:736][154]Job is a success!
[2017.08.26-05.39.39:900][155]LogTexture:Display: Building textures: HQ_Lightmap0_1 (AutoDXT, 256X256) - 81 MB total VRAM
[2017.08.26-05.39.39:900][155]LogTexture:Display: Building textures: LQ_Lightmap_0_1 (DXT1, 256X256) - 81 MB total VRAM
[2017.08.26-05.39.39:900][155]LogTexture:Display: Building textures: HQ_Lightmap0_2 (AutoDXT, 256X256) - 81 MB total VRAM
[2017.08.26-05.39.39:900][155]LogTexture:Display: Building textures: LQ_Lightmap_0_2 (DXT1, 256X256) - 81 MB total VRAM
[2017.08.26-05.39.39:900][155]LogTexture:Display: Building textures: LQ_Lightmap_0_3 (DXT1, 64X64) - 81 MB total VRAM
[2017.08.26-05.39.39:900][155]LogTexture:Display: Building textures: HQ_Lightmap0_3 (AutoDXT, 64X64) - 81 MB total VRAM
[2017.08.26-05.39.39:900][155]LogTexture:Display: Building textures: ShadowMapTexture2D_2 (G8, 32X32) - 81 MB total VRAM
[2017.08.26-05.39.39:900][155]LogTexture:Display: Building textures: ShadowMapTexture2D_1 (G8, 256X64) - 81 MB total VRAM
[2017.08.26-05.39.39:900][155]LogTexture:Display: Building textures: ShadowMapTexture2D_0 (G8, 256X128) - 81 MB total VRAM
[2017.08.26-05.39.39:921][155]Lightmass on 2032-01-265-21: 870 ms total, 131 ms importing, 12 ms setup, 269 ms photons, 433 ms processing, 0 ms extra exporting [22/22 mappings]. Threads: 2.86 sec total, 627 ms processing.
[2017.08.26-05.39.39:943][155]LogStaticLightingSystem: Illumination: 7.53 sec (39 ms encoding lightmaps, 10 ms encoding shadowmaps)
[2017.08.26-05.39.39:943][155]LogStaticLightingSystem: Lightmap texture memory:  0.3 MB (0.1 MB streaming, 0.1 MB non-streaming), 6 textures
[2017.08.26-05.39.39:943][155]LogStaticLightingSystem: Shadowmap texture memory: 0.1 MB (0.0 MB streaming, 0.0 MB non-streaming), 3 textures
[2017.08.26-05.39.40:587][155]DumpUnbuiltLightIteractions
[2017.08.26-05.39.40:587][155]Lights with unbuilt interactions: 0
[2017.08.26-05.39.40:587][155]
[2017.08.26-05.39.40:587][155]Primitives with unbuilt interactions: 0
[2017.08.26-05.39.40:611][156]Cmd: MAP CHECK NOTIFYRESULTS
[2017.08.26-05.39.40:611][156]MapCheck: New page: DontbeaSheep - Aug 25, 2017, 3:39:40 PM
[2017.08.26-05.39.40:657][156]MapCheck: Info Map check complete: 0 Error(s), 0 Warning(s), took 46.2ms to complete.
[2017.08.26-05.39.46:269][727]LogTemp: Repeting last play command: New Editor Window (PIE)
[2017.08.26-05.39.46:285][727]LogPlayLevel: PlayLevel: No blueprints needed recompiling
[2017.08.26-05.39.46:285][727]PIE: New page: PIE session: DontbeaSheep (Aug 25, 2017, 3:39:46 PM)
[2017.08.26-05.39.46:285][727]LogPlayLevel: Creating play world package: /Game/UEDPIE_0_DontbeaSheep
[2017.08.26-05.39.46:290][727]LogPlayLevel: PIE: StaticDuplicateObject took: (0.004633s)
[2017.08.26-05.39.46:290][727]LogAIModule: Creating AISystem for world DontbeaSheep
[2017.08.26-05.39.46:290][727]LogPlayLevel: PIE: World Init took: (0.000654s)
[2017.08.26-05.39.46:290][727]LogPlayLevel: PIE: Created PIE world by copying editor world from /Game/DontbeaSheep.DontbeaSheep to /Game/UEDPIE_0_DontbeaSheep.DontbeaSheep (0.005475s)
[2017.08.26-05.39.46:299][727]LogInit: XAudio2 using 'Speakers (Realtek High Definition Audio)' : 2 channels at 48 kHz using 32 bits per sample (channel mask 0x3)
[2017.08.26-05.39.46:305][727]LogInit: FAudioDevice initialized.
[2017.08.26-05.39.46:340][727]LogLoad: Game class is 'storyBook_gamemode_C'
[2017.08.26-05.39.46:342][727]LogWorld: Bringing World /Game/UEDPIE_0_DontbeaSheep.DontbeaSheep up for play (max tick rate 0) at 2017.08.25-22.39.46
[2017.08.26-05.39.46:342][727]LogWorld: Bringing up level for play took: 0.000984
[2017.08.26-05.39.46:347][727]PIE: Info Play in editor start time for /Game/UEDPIE_0_DontbeaSheep -0.28
[2017.08.26-05.42.10:021][382]Cmd: QUIT_EDITOR
[2017.08.26-05.42.10:087][382]LogExit: Preparing to exit.
[2017.08.26-05.42.10:267][382]LogExit: Editor shut down
[2017.08.26-05.42.10:267][382]LogExit: Transaction tracking system shut down
[2017.08.26-05.42.10:310][382]LogObj: Freed 0b from 0 cluster array pools.
[2017.08.26-05.42.10:310][382]LogExit: Object subsystem successfully closed.
[2017.08.26-05.42.10:321][382]LogD3D11RHI: Shutdown
[2017.08.26-05.42.10:322][382]LogD3D11RHI: CleanupD3DDevice
[2017.08.26-05.42.10:374][382]LogD3D11RHI: ~FD3D11DynamicRHI
[2017.08.26-05.42.10:392][382]LogModuleManager: Shutting down and abandoning module HierarchicalLODUtilities (502)
[2017.08.26-05.42.10:392][382]LogModuleManager: Shutting down and abandoning module MovieSceneCapture (500)
[2017.08.26-05.42.10:392][382]LogModuleManager: Shutting down and abandoning module HierarchicalLODOutliner (498)
[2017.08.26-05.42.10:392][382]LogModuleManager: Shutting down and abandoning module CrashTracker (496)
[2017.08.26-05.42.10:392][382]LogModuleManager: Shutting down and abandoning module SceneOutliner (494)
[2017.08.26-05.42.10:392][382]LogModuleManager: Shutting down and abandoning module AddContentDialog (492)
[2017.08.26-05.42.10:392][382]LogDirectoryWatcher: A directory notification for 'C:/Program Files/Epic Games/UE_4.15/FeaturePacks/' was aborted.
[2017.08.26-05.42.10:392][382]LogModuleManager: Shutting down and abandoning module WidgetCarousel (491)
[2017.08.26-05.42.10:392][382]LogModuleManager: Shutting down and abandoning module EditorWidgets (488)
[2017.08.26-05.42.10:392][382]LogModuleManager: Shutting down and abandoning module CollectionManager (486)
[2017.08.26-05.42.10:393][382]LogModuleManager: Shutting down and abandoning module StatsViewer (484)
[2017.08.26-05.42.10:393][382]LogModuleManager: Shutting down and abandoning module FoliageEdit (482)
[2017.08.26-05.42.10:393][382]LogModuleManager: Shutting down and abandoning module LandscapeEditor (480)
[2017.08.26-05.42.10:393][382]LogModuleManager: Shutting down and abandoning module SceneDepthPickerMode (478)
[2017.08.26-05.42.10:393][382]LogModuleManager: Shutting down and abandoning module ActorPickerMode (476)
[2017.08.26-05.42.10:393][382]LogModuleManager: Shutting down and abandoning module GeometryMode (474)
[2017.08.26-05.42.10:393][382]LogModuleManager: Shutting down and abandoning module TextureAlignMode (472)
[2017.08.26-05.42.10:393][382]LogModuleManager: Shutting down and abandoning module BspMode (470)
[2017.08.26-05.42.10:393][382]LogModuleManager: Shutting down and abandoning module HardwareSurvey (468)
[2017.08.26-05.42.10:393][382]LogModuleManager: Shutting down and abandoning module SequenceRecorderSections (466)
[2017.08.26-05.42.10:393][382]LogModuleManager: Shutting down and abandoning module AutomationWorker (464)
[2017.08.26-05.42.10:393][382]LogModuleManager: Shutting down and abandoning module MatineeToLevelSequence (462)
[2017.08.26-05.42.10:393][382]LogModuleManager: Shutting down and abandoning module LevelSequenceEditor (460)
[2017.08.26-05.42.10:393][382]LogModuleManager: Shutting down and abandoning module PlacementMode (459)
[2017.08.26-05.42.10:393][382]LogModuleManager: Shutting down and abandoning module WmfMediaFactory (456)
[2017.08.26-05.42.10:393][382]LogModuleManager: Shutting down and abandoning module WmfMediaEditor (454)
[2017.08.26-05.42.10:393][382]LogModuleManager: Shutting down and abandoning module MfMediaFactory (452)
[2017.08.26-05.42.10:393][382]LogModuleManager: Shutting down and abandoning module MfMediaEditor (450)
[2017.08.26-05.42.10:393][382]LogModuleManager: Shutting down and abandoning module AvfMediaFactory (448)
[2017.08.26-05.42.10:393][382]LogModuleManager: Shutting down and abandoning module AvfMediaEditor (446)
[2017.08.26-05.42.10:393][382]LogModuleManager: Shutting down and abandoning module AndroidMediaFactory (444)
[2017.08.26-05.42.10:393][382]LogModuleManager: Shutting down and abandoning module Media (443)
[2017.08.26-05.42.10:393][382]LogModuleManager: Shutting down and abandoning module AndroidMediaEditor (440)
[2017.08.26-05.42.10:393][382]LogModuleManager: Shutting down and abandoning module CharacterAI (438)
[2017.08.26-05.42.10:393][382]LogModuleManager: Shutting down and abandoning module AudioCapture (436)
[2017.08.26-05.42.10:393][382]LogModuleManager: Shutting down and abandoning module SequenceRecorder (435)
[2017.08.26-05.42.10:393][382]LogModuleManager: Shutting down and abandoning module SmartSnapping (432)
[2017.08.26-05.42.10:393][382]LogModuleManager: Shutting down and abandoning module SessionServices (430)
[2017.08.26-05.42.10:393][382]LogModuleManager: Shutting down and abandoning module ViewportSnapping (428)
[2017.08.26-05.42.10:393][382]LogModuleManager: Shutting down and abandoning module ViewportInteraction (426)
[2017.08.26-05.42.10:393][382]LogModuleManager: Shutting down and abandoning module LogVisualizer (424)
[2017.08.26-05.42.10:393][382]LogModuleManager: Shutting down and abandoning module IntroTutorials (422)
[2017.08.26-05.42.10:393][382]LogModuleManager: Shutting down and abandoning module GameProjectGeneration (421)
[2017.08.26-05.42.10:393][382]LogModuleManager: Shutting down and abandoning module EditorLiveStreaming (418)
[2017.08.26-05.42.10:393][382]LogModuleManager: Shutting down and abandoning module IOSPlatformEditor (416)
[2017.08.26-05.42.10:393][382]LogModuleManager: Shutting down and abandoning module HTML5PlatformEditor (414)
[2017.08.26-05.42.10:393][382]LogModuleManager: Shutting down and abandoning module AndroidPlatformEditor (412)
[2017.08.26-05.42.10:393][382]LogModuleManager: Shutting down and abandoning module AndroidDeviceDetection (411)
[2017.08.26-05.42.10:950][382]LogModuleManager: Shutting down and abandoning module IOSRuntimeSettings (408)
[2017.08.26-05.42.10:950][382]LogModuleManager: Shutting down and abandoning module AndroidRuntimeSettings (406)
[2017.08.26-05.42.10:950][382]LogModuleManager: Shutting down and abandoning module InputBindingEditor (404)
[2017.08.26-05.42.10:950][382]LogModuleManager: Shutting down and abandoning module NiagaraEditor (402)
[2017.08.26-05.42.10:950][382]LogModuleManager: Shutting down and abandoning module MergeActors (400)
[2017.08.26-05.42.10:950][382]LogModuleManager: Shutting down and abandoning module SizeMap (398)
[2017.08.26-05.42.10:950][382]LogModuleManager: Shutting down and abandoning module TreeMap (396)
[2017.08.26-05.42.10:950][382]LogModuleManager: Shutting down and abandoning module ReferenceViewer (394)
[2017.08.26-05.42.10:950][382]LogModuleManager: Shutting down and abandoning module LocalizationDashboard (392)
[2017.08.26-05.42.10:950][382]LogModuleManager: Shutting down and abandoning module LocalizationService (391)
[2017.08.26-05.42.10:950][382]LogModuleManager: Shutting down and abandoning module HardwareTargeting (388)
[2017.08.26-05.42.10:950][382]LogModuleManager: Shutting down and abandoning module DeviceProfileEditor (386)
[2017.08.26-05.42.10:950][382]LogModuleManager: Shutting down and abandoning module UndoHistory (384)
[2017.08.26-05.42.10:950][382]LogModuleManager: Shutting down and abandoning module UserFeedback (382)
[2017.08.26-05.42.10:950][382]LogModuleManager: Shutting down and abandoning module XmlParser (380)
[2017.08.26-05.42.10:950][382]LogModuleManager: Shutting down and abandoning module Blutility (378)
[2017.08.26-05.42.10:950][382]LogModuleManager: Shutting down and abandoning module ProjectSettingsViewer (376)
[2017.08.26-05.42.10:950][382]LogModuleManager: Shutting down and abandoning module ProjectTargetPlatformEditor (375)
[2017.08.26-05.42.10:951][382]LogModuleManager: Shutting down and abandoning module EditorSettingsViewer (372)
[2017.08.26-05.42.10:951][382]LogModuleManager: Shutting down and abandoning module SettingsEditor (370)
[2017.08.26-05.42.10:951][382]LogModuleManager: Shutting down and abandoning module ProjectLauncher (368)
[2017.08.26-05.42.10:951][382]LogModuleManager: Shutting down and abandoning module SessionFrontend (366)
[2017.08.26-05.42.10:951][382]LogModuleManager: Shutting down and abandoning module ProfilerClient (364)
[2017.08.26-05.42.10:951][382]LogModuleManager: Shutting down and abandoning module DeviceManager (362)
[2017.08.26-05.42.10:951][382]LogModuleManager: Shutting down and abandoning module TargetDeviceServices (361)
[2017.08.26-05.42.11:001][382]LogModuleManager: Shutting down and abandoning module AutomationController (358)
[2017.08.26-05.42.11:001][382]LogModuleManager: Shutting down and abandoning module AutomationWindow (356)
[2017.08.26-05.42.11:001][382]LogModuleManager: Shutting down and abandoning module Layers (354)
[2017.08.26-05.42.11:001][382]LogModuleManager: Shutting down and abandoning module ComponentVisualizers (352)
[2017.08.26-05.42.11:001][382]LogModuleManager: Shutting down and abandoning module DetailCustomizations (350)
[2017.08.26-05.42.11:001][382]LogModuleManager: Shutting down and abandoning module PackagesDialog (348)
[2017.08.26-05.42.11:001][382]LogModuleManager: Shutting down and abandoning module Persona (346)
[2017.08.26-05.42.11:001][382]LogModuleManager: Shutting down and abandoning module AnimGraph (345)
[2017.08.26-05.42.11:001][382]LogModuleManager: Shutting down and abandoning module Kismet (342)
[2017.08.26-05.42.11:001][382]LogModuleManager: Shutting down and abandoning module GraphEditor (340)
[2017.08.26-05.42.11:002][382]LogModuleManager: Shutting down and abandoning module ClassViewer (338)
[2017.08.26-05.42.11:002][382]LogModuleManager: Shutting down and abandoning module Toolbox (336)
[2017.08.26-05.42.11:002][382]LogModuleManager: Shutting down and abandoning module ModuleUI (334)
[2017.08.26-05.42.11:002][382]LogModuleManager: Shutting down and abandoning module MovieSceneTools (332)
[2017.08.26-05.42.11:002][382]LogModuleManager: Shutting down and abandoning module OutputLog (330)
[2017.08.26-05.42.11:002][382]LogModuleManager: Shutting down and abandoning module GammaUI (328)
[2017.08.26-05.42.11:002][382]LogModuleManager: Shutting down and abandoning module Documentation (326)
[2017.08.26-05.42.11:002][382]LogModuleManager: Shutting down and abandoning module Niagara (324)
[2017.08.26-05.42.11:002][382]LogModuleManager: Shutting down and abandoning module StreamingPauseRendering (322)
[2017.08.26-05.42.11:002][382]LogModuleManager: Shutting down and abandoning module AnalyticsET (320)
[2017.08.26-05.42.11:002][382]LogModuleManager: Shutting down and abandoning module PortalServices (318)
[2017.08.26-05.42.11:002][382]LogModuleManager: Shutting down and abandoning module PortalRpc (316)
[2017.08.26-05.42.11:002][382]LogModuleManager: Shutting down and abandoning module MessagingRpc (314)
[2017.08.26-05.42.11:002][382]LogModuleManager: Shutting down and abandoning module AIModule (312)
[2017.08.26-05.42.11:002][382]LogModuleManager: Shutting down and abandoning module GameplayDebugger (311)
[2017.08.26-05.42.11:002][382]LogModuleManager: Shutting down and abandoning module AITestSuite (309)
[2017.08.26-05.42.11:002][382]LogModuleManager: Shutting down and abandoning module ProfilerService (306)
[2017.08.26-05.42.11:172][382]LogModuleManager: Shutting down and abandoning module TaskGraph (304)
[2017.08.26-05.42.11:172][382]LogModuleManager: Shutting down and abandoning module SteamVRController (302)
[2017.08.26-05.42.11:172][382]LogModuleManager: Shutting down and abandoning module SteamVR (300)
[2017.08.26-05.42.11:172][382]LogModuleManager: Shutting down and abandoning module ProceduralMeshComponentEditor (298)
[2017.08.26-05.42.11:172][382]LogModuleManager: Shutting down and abandoning module ProceduralMeshComponent (296)
[2017.08.26-05.42.11:172][382]LogModuleManager: Shutting down and abandoning module OculusLibrary (294)
[2017.08.26-05.42.11:172][382]LogModuleManager: Shutting down and abandoning module OculusInput (292)
[2017.08.26-05.42.11:172][382]LogModuleManager: Shutting down and abandoning module MobilePatchingUtils (290)
[2017.08.26-05.42.11:172][382]LogModuleManager: Shutting down and abandoning module CustomMeshComponent (288)
[2017.08.26-05.42.11:172][382]LogModuleManager: Shutting down and abandoning module CableComponent (286)
[2017.08.26-05.42.11:172][382]LogModuleManager: Shutting down and abandoning module ArchVisCharacter (284)
[2017.08.26-05.42.11:172][382]LogModuleManager: Shutting down and abandoning module MediaPlayerEditor (280)
[2017.08.26-05.42.11:172][382]LogModuleManager: Shutting down and abandoning module HTML5Networking (278)
[2017.08.26-05.42.11:172][382]LogModuleManager: Shutting down and abandoning module AlembicImporter (276)
[2017.08.26-05.42.11:172][382]LogModuleManager: Shutting down and abandoning module AlembicLibrary (275)
[2017.08.26-05.42.11:172][382]LogModuleManager: Shutting down and abandoning module GeometryCache (274)
[2017.08.26-05.42.11:172][382]LogModuleManager: Shutting down and abandoning module GeometryCacheEd (273)
[2017.08.26-05.42.11:172][382]LogModuleManager: Shutting down and abandoning module SuperSearchEditor (268)
[2017.08.26-05.42.11:172][382]LogModuleManager: Shutting down and abandoning module SuperSearch (267)
[2017.08.26-05.42.11:172][382]LogModuleManager: Shutting down and abandoning module SpeedTreeImporter (264)
[2017.08.26-05.42.11:172][382]LogModuleManager: Shutting down and abandoning module PluginBrowser (262)
[2017.08.26-05.42.11:172][382]LogModuleManager: Shutting down and abandoning module MobileLauncherProfileWizard (260)
[2017.08.26-05.42.11:172][382]LogModuleManager: Shutting down and abandoning module EpicSurvey (258)
[2017.08.26-05.42.11:172][382]LogModuleManager: Shutting down and abandoning module VisualStudioSourceCodeAccess (256)
[2017.08.26-05.42.11:172][382]LogModuleManager: Shutting down and abandoning module DesktopPlatform (255)
[2017.08.26-05.42.11:172][382]LogModuleManager: Shutting down and abandoning module UObjectPlugin (252)
[2017.08.26-05.42.11:172][382]LogModuleManager: Shutting down and abandoning module SubversionSourceControl (250)
[2017.08.26-05.42.11:172][382]LogModuleManager: Shutting down and abandoning module PerforceSourceControl (248)
[2017.08.26-05.42.11:172][382]LogModuleManager: Shutting down and abandoning module GitSourceControl (246)
[2017.08.26-05.42.11:172][382]LogModuleManager: Shutting down and abandoning module SourceControl (245)
[2017.08.26-05.42.11:172][382]LogModuleManager: Shutting down and abandoning module LightPropagationVolumeEditor (242)
[2017.08.26-05.42.11:172][382]LogModuleManager: Shutting down and abandoning module PaperTiledImporter (240)
[2017.08.26-05.42.11:172][382]LogModuleManager: Shutting down and abandoning module PaperSpriteSheetImporter (238)
[2017.08.26-05.42.11:172][382]LogModuleManager: Shutting down and abandoning module Paper2DEditor (236)
[2017.08.26-05.42.11:172][382]LogModuleManager: Shutting down and abandoning module MeshPaint (235)
[2017.08.26-05.42.11:172][382]LogModuleManager: Shutting down and abandoning module LevelEditor (233)
[2017.08.26-05.42.11:173][382]LogModuleManager: Shutting down and abandoning module PixelInspectorModule (232)
[2017.08.26-05.42.11:173][382]LogModuleManager: Shutting down and abandoning module MainFrame (230)
[2017.08.26-05.42.11:173][382]LogModuleManager: Shutting down and abandoning module HotReload (229)
[2017.08.26-05.42.11:173][382]LogModuleManager: Shutting down and abandoning module ContentBrowser (225)
[2017.08.26-05.42.11:174][382]LogModuleManager: Shutting down and abandoning module PhysXVehiclesEditor (222)
[2017.08.26-05.42.11:174][382]LogModuleManager: Shutting down and abandoning module PhysXVehicles (220)
[2017.08.26-05.42.11:174][382]LogModuleManager: Shutting down and abandoning module LocationServicesBPLibrary (218)
[2017.08.26-05.42.11:174][382]LogModuleManager: Shutting down and abandoning module UdpMessaging (216)
[2017.08.26-05.42.11:274][382]LogModuleManager: Shutting down and abandoning module TcpMessaging (214)
[2017.08.26-05.42.11:374][382]LogModuleManager: Shutting down and abandoning module GameplayTagsEditor (212)
[2017.08.26-05.42.11:374][382]LogModuleManager: Shutting down and abandoning module FacialAnimationEditor (210)
[2017.08.26-05.42.11:374][382]LogModuleManager: Shutting down and abandoning module FacialAnimation (208)
[2017.08.26-05.42.11:374][382]LogModuleManager: Shutting down and abandoning module LightPropagationVolumeRuntime (206)
[2017.08.26-05.42.11:374][382]LogModuleManager: Shutting down and abandoning module Paper2D (204)
[2017.08.26-05.42.11:374][382]LogModuleManager: Shutting down and abandoning module WindowsMoviePlayer (202)
[2017.08.26-05.42.11:374][382]LogModuleManager: Shutting down and abandoning module WmfMedia (200)
[2017.08.26-05.42.11:374][382]LogModuleManager: Shutting down and abandoning module MfMedia (198)
[2017.08.26-05.42.11:374][382]LogModuleManager: Shutting down and abandoning module MediaAssets (196)
[2017.08.26-05.42.11:374][382]LogModuleManager: Shutting down and abandoning module GameLiveStreaming (194)
[2017.08.26-05.42.11:374][382]LogModuleManager: Shutting down and abandoning module VREditor (192)
[2017.08.26-05.42.11:374][382]LogModuleManager: Shutting down and abandoning module GameplayTasksEditor (190)
[2017.08.26-05.42.11:374][382]LogModuleManager: Shutting down and abandoning module BehaviorTreeEditor (188)
[2017.08.26-05.42.11:374][382]LogModuleManager: Shutting down and abandoning module FunctionalTesting (186)
[2017.08.26-05.42.11:374][382]LogModuleManager: Shutting down and abandoning module CollisionAnalyzer (184)
[2017.08.26-05.42.11:374][382]LogModuleManager: Shutting down and abandoning module UMG (182)
[2017.08.26-05.42.11:374][382]LogModuleManager: Shutting down and abandoning module UMGEditor (181)
[2017.08.26-05.42.11:374][382]LogModuleManager: Shutting down and abandoning module Sequencer (180)
[2017.08.26-05.42.11:374][382]LogModuleManager: Shutting down and abandoning module AssetTools (178)
[2017.08.26-05.42.11:374][382]LogModuleManager: Shutting down and abandoning module MessageLog (177)
[2017.08.26-05.42.11:374][382]LogModuleManager: Shutting down and abandoning module WorkspaceMenuStructure (176)
[2017.08.26-05.42.11:374][382]LogModuleManager: Shutting down and abandoning module SlateReflector (170)
[2017.08.26-05.42.11:374][382]LogModuleManager: Shutting down and abandoning module Slate (168)
[2017.08.26-05.42.11:374][382]LogModuleManager: Shutting down and abandoning module EditorStyle (166)
[2017.08.26-05.42.11:377][382]LogModuleManager: Shutting down and abandoning module SourceCodeAccess (164)
[2017.08.26-05.42.11:377][382]LogModuleManager: Shutting down and abandoning module HeadMountedDisplay (162)
[2017.08.26-05.42.11:377][382]LogModuleManager: Shutting down and abandoning module XAudio2 (160)
[2017.08.26-05.42.11:377][382]LogModuleManager: Shutting down and abandoning module Networking (158)
[2017.08.26-05.42.11:377][382]LogModuleManager: Shutting down and abandoning module Core (154)
[2017.08.26-05.42.11:377][382]LogModuleManager: Shutting down and abandoning module AssetRegistry (152)
[2017.08.26-05.42.12:807][382]LogDirectoryWatcher: A directory notification for '../../../Engine/Content/' was aborted.
[2017.08.26-05.42.12:807][382]LogDirectoryWatcher: A directory notification for '../../../Engine/Plugins/2D/Paper2D/Content/' was aborted.
[2017.08.26-05.42.12:807][382]LogModuleManager: Shutting down and abandoning module DirectoryWatcher (151)
[2017.08.26-05.42.12:807][382]LogModuleManager: Shutting down and abandoning module KismetCompiler (148)
[2017.08.26-05.42.12:807][382]LogModuleManager: Shutting down and abandoning module PhysXFormats (146)
[2017.08.26-05.42.12:807][382]LogModuleManager: Shutting down and abandoning module MeshUtilities (144)
[2017.08.26-05.42.12:807][382]LogModuleManager: Shutting down and abandoning module SimplygonSwarm (143)
[2017.08.26-05.42.12:807][382]LogModuleManager: Shutting down and abandoning module SimplygonMeshReduction (141)
[2017.08.26-05.42.12:807][382]LogModuleManager: Shutting down and abandoning module QuadricMeshReduction (139)
[2017.08.26-05.42.12:807][382]LogModuleManager: Shutting down and abandoning module PropertyEditor (137)
[2017.08.26-05.42.12:807][382]LogModuleManager: Shutting down and abandoning module DerivedDataCache (134)
[2017.08.26-05.42.12:856][382]LogDerivedDataCache: Shutdown
[2017.08.26-05.42.12:856][382]LogModuleManager: Shutting down and abandoning module TargetPlatform (132)
[2017.08.26-05.42.12:856][382]LogModuleManager: Shutting down and abandoning module VulkanShaderFormat (131)
[2017.08.26-05.42.12:856][382]LogModuleManager: Shutting down and abandoning module ShaderFormatOpenGL (129)
[2017.08.26-05.42.12:856][382]LogModuleManager: Shutting down and abandoning module ShaderFormatD3D (127)
[2017.08.26-05.42.12:856][382]LogModuleManager: Shutting down and abandoning module MetalShaderFormat (125)
[2017.08.26-05.42.12:856][382]LogModuleManager: Shutting down and abandoning module TextureFormatUncompressed (123)
[2017.08.26-05.42.12:856][382]LogModuleManager: Shutting down and abandoning module TextureFormatPVR (121)
[2017.08.26-05.42.12:856][382]LogModuleManager: Shutting down and abandoning module TextureFormatDXT (119)
[2017.08.26-05.42.12:856][382]LogModuleManager: Shutting down and abandoning module TextureFormatIntelISPCTexComp (117)
[2017.08.26-05.42.12:856][382]LogModuleManager: Shutting down and abandoning module TextureFormatASTC (115)
[2017.08.26-05.42.12:856][382]LogModuleManager: Shutting down and abandoning module ImageWrapper (114)
[2017.08.26-05.42.12:856][382]LogModuleManager: Shutting down and abandoning module TextureFormatAndroid (111)
[2017.08.26-05.42.12:856][382]LogModuleManager: Shutting down and abandoning module AudioFormatOpus (109)
[2017.08.26-05.42.12:856][382]LogModuleManager: Shutting down and abandoning module AudioFormatOgg (107)
[2017.08.26-05.42.12:856][382]LogModuleManager: Shutting down and abandoning module AudioFormatADPCM (105)
[2017.08.26-05.42.12:856][382]LogModuleManager: Shutting down and abandoning module LinuxTargetPlatform (103)
[2017.08.26-05.42.12:856][382]LogModuleManager: Shutting down and abandoning module LinuxServerTargetPlatform (101)
[2017.08.26-05.42.12:856][382]LogModuleManager: Shutting down and abandoning module LinuxNoEditorTargetPlatform (99)
[2017.08.26-05.42.12:857][382]LogModuleManager: Shutting down and abandoning module LinuxClientTargetPlatform (97)
[2017.08.26-05.42.12:857][382]LogModuleManager: Shutting down and abandoning module TVOSTargetPlatform (95)
[2017.08.26-05.42.12:857][382]LogModuleManager: Shutting down and abandoning module Messaging (93)
[2017.08.26-05.42.12:857][382]LogModuleManager: Shutting down and abandoning module IOSTargetPlatform (91)
[2017.08.26-05.42.12:857][382]LogModuleManager: Shutting down and abandoning module HTML5TargetPlatform (89)
[2017.08.26-05.42.12:857][382]LogModuleManager: Shutting down and abandoning module Android_PVRTCTargetPlatform (87)
[2017.08.26-05.42.12:857][382]LogModuleManager: Shutting down and abandoning module Android_MultiTargetPlatform (85)
[2017.08.26-05.42.12:857][382]LogModuleManager: Shutting down and abandoning module Android_ETC2TargetPlatform (83)
[2017.08.26-05.42.12:857][382]LogModuleManager: Shutting down and abandoning module Android_ETC1TargetPlatform (81)
[2017.08.26-05.42.12:857][382]LogModuleManager: Shutting down and abandoning module Android_DXTTargetPlatform (79)
[2017.08.26-05.42.12:857][382]LogModuleManager: Shutting down and abandoning module Android_ATCTargetPlatform (77)
[2017.08.26-05.42.12:857][382]LogModuleManager: Shutting down and abandoning module Android_ASTCTargetPlatform (75)
[2017.08.26-05.42.12:857][382]LogModuleManager: Shutting down and abandoning module AndroidTargetPlatform (73)
[2017.08.26-05.42.12:857][382]LogModuleManager: Shutting down and abandoning module WindowsTargetPlatform (71)
[2017.08.26-05.42.12:857][382]LogModuleManager: Shutting down and abandoning module WindowsServerTargetPlatform (69)
[2017.08.26-05.42.12:857][382]LogModuleManager: Shutting down and abandoning module WindowsNoEditorTargetPlatform (67)
[2017.08.26-05.42.12:857][382]LogModuleManager: Shutting down and abandoning module WindowsClientTargetPlatform (65)
[2017.08.26-05.42.12:857][382]LogModuleManager: Shutting down and abandoning module MacTargetPlatform (63)
[2017.08.26-05.42.12:857][382]LogModuleManager: Shutting down and abandoning module MacServerTargetPlatform (61)
[2017.08.26-05.42.12:857][382]LogModuleManager: Shutting down and abandoning module MacNoEditorTargetPlatform (59)
[2017.08.26-05.42.12:857][382]LogModuleManager: Shutting down and abandoning module MacClientTargetPlatform (57)
[2017.08.26-05.42.12:857][382]LogModuleManager: Shutting down and abandoning module AllDesktopTargetPlatform (55)
[2017.08.26-05.42.12:857][382]LogModuleManager: Shutting down and abandoning module InputCore (52)
[2017.08.26-05.42.12:857][382]LogModuleManager: Shutting down and abandoning module Settings (50)
[2017.08.26-05.42.12:857][382]LogModuleManager: Shutting down and abandoning module OculusRift (48)
[2017.08.26-05.42.12:857][382]LogModuleManager: Shutting down and abandoning module GearVR (46)
[2017.08.26-05.42.12:857][382]LogModuleManager: Shutting down and abandoning module ExampleDeviceProfileSelector (44)
[2017.08.26-05.42.12:857][382]LogModuleManager: Shutting down and abandoning module OnlineBlueprintSupport (42)
[2017.08.26-05.42.12:857][382]LogModuleManager: Shutting down and abandoning module OnlineSubsystem (38)
[2017.08.26-05.42.12:857][382]LogOnline:Display: Unloading online subsystem: NULL
[2017.08.26-05.42.12:857][382]LogModuleManager: Shutting down and abandoning module XMPP (37)
[2017.08.26-05.42.12:857][382]LogModuleManager: Shutting down and abandoning module HTTP (35)
[2017.08.26-05.42.12:857][382]LogHttp:Display: Http module shutting down, but needs to wait on 1 outstanding Http requests:
[2017.08.26-05.42.12:857][382]LogHttp:Display: 	verb=[POST] url=[https://datarouter.ol.epicgames.com/datarouter/api/v1/public/data?SessionID=%7B756B3964-4B32-A386-63FC-CA914CDF49B6%7D&AppID=UEEditor.Rocket.Release&AppVersion=4.15.3-3450819%2B%2B%2BUE4%2BRelease-4.15&UserID=64946cf24430d8049525fa84209f9f15%7Ce3df6859f17142b9a046d8d94df24ceb%7C60eca04b-74a2-4252-921c-349d871aa5d9&AppEnvironment=datacollector-binary&UploadType=eteventstream] status=Processing
[2017.08.26-05.42.12:869][382]LogModuleManager: Shutting down and abandoning module SSL (34)
[2017.08.26-05.42.12:870][382]LogModuleManager: Shutting down and abandoning module AudioEditor (30)
[2017.08.26-05.42.12:870][382]LogModuleManager: Shutting down and abandoning module TextureCompressor (28)
[2017.08.26-05.42.12:870][382]LogModuleManager: Shutting down and abandoning module ShaderCore (26)
[2017.08.26-05.42.12:870][382]LogModuleManager: Shutting down and abandoning module Landscape (24)
[2017.08.26-05.42.12:870][382]LogModuleManager: Shutting down and abandoning module SlateRHIRenderer (22)
[2017.08.26-05.42.12:871][382]LogModuleManager: Shutting down and abandoning module OpenGLDrv (20)
[2017.08.26-05.42.12:871][382]LogModuleManager: Shutting down and abandoning module D3D11RHI (18)
[2017.08.26-05.42.12:871][382]LogModuleManager: Shutting down and abandoning module AnimGraphRuntime (16)
[2017.08.26-05.42.12:871][382]LogModuleManager: Shutting down and abandoning module Renderer (14)
[2017.08.26-05.42.12:871][382]LogModuleManager: Shutting down and abandoning module Engine (12)
[2017.08.26-05.42.12:871][382]LogModuleManager: Shutting down and abandoning module CoreUObject (10)
[2017.08.26-05.42.12:871][382]LogModuleManager: Shutting down and abandoning module NetworkFile (8)
[2017.08.26-05.42.12:871][382]LogModuleManager: Shutting down and abandoning module StreamingFile (6)
[2017.08.26-05.42.12:871][382]LogModuleManager: Shutting down and abandoning module SandboxFile (4)
[2017.08.26-05.42.12:871][382]LogModuleManager: Shutting down and abandoning module PakFile (2)
[2017.08.26-05.42.12:872][382]LogExit: Exiting.
[2017.08.26-05.42.13:190][382]Log file closed, 08/25/17 22:42:13
